Performing C++ SOURCE FILE Test COMPILER_SUPPORTS_CXX0X failed with the following output:
Change Dir: D:/Workspace/Slumber/hub/ui/build/CMakeFiles/CMakeTmp

Run Build Command:"C:/Program Files (x86)/MSBuild/14.0/bin/MSBuild.exe" "cmTC_9c8fc.vcxproj" "/p:Configuration=Debug" "/p:VisualStudioVersion=14.0"
Microsoft (R) Build Engine version 14.0.24723.2
Copyright (C) Microsoft Corporation. All rights reserved.

Build started 1/19/2017 9:29:10 PM.
The target "BeforeGenerateProjectPriFile" listed in a BeforeTargets attribute at "C:\Program Files (x86)\MSBuild\Microsoft\NuGet\Microsoft.NuGet.targets (186,61)" does not exist in the project, and will be ignored.
Project "D:\Workspace\Slumber\hub\ui\build\CMakeFiles\CMakeTmp\cmTC_9c8fc.vcxproj" on node 1 (default targets).
PrepareForBuild:
  Creating directory "cmTC_9c8fc.dir\Debug\".
  Creating directory "D:\Workspace\Slumber\hub\ui\build\CMakeFiles\CMakeTmp\Debug\".
  Creating directory "cmTC_9c8fc.dir\Debug\cmTC_9c8fc.tlog\".
InitializeBuildStatus:
  Creating "cmTC_9c8fc.dir\Debug\cmTC_9c8fc.tlog\unsuccessfulbuild" because "AlwaysCreate" was specified.
ClCompile:
  D:\Programs\Visual Studio\VC\bin\CL.exe /c /Zi /W3 /WX- /Od /Ob0 /Oy- /D WIN32 /D _WINDOWS /D COMPILER_SUPPORTS_CXX0X /D _DEBUG /D "CMAKE_INTDIR=\"Debug\"" /D _MBCS /Gm- /EHsc /RTC1 /MDd /GS /fp:precise /Zc:wchar_t /Zc:forScope /Zc:inline /GR /Fo"cmTC_9c8fc.dir\Debug\\" /Fd"cmTC_9c8fc.dir\Debug\vc140.pdb" /Gd /TP /analyze- /errorReport:queue  -std=c++0x D:\Workspace\Slumber\hub\ui\build\CMakeFiles\CMakeTmp\src.cxx
  Microsoft (R) C/C++ Optimizing Compiler Version 19.00.23506 for x86
  Copyright (C) Microsoft Corporation.  All rights reserved.
  
  cl /c /Zi /W3 /WX- /Od /Ob0 /Oy- /D WIN32 /D _WINDOWS /D COMPILER_SUPPORTS_CXX0X /D _DEBUG /D "CMAKE_INTDIR=\"Debug\"" /D _MBCS /Gm- /EHsc /RTC1 /MDd /GS /fp:precise /Zc:wchar_t /Zc:forScope /Zc:inline /GR /Fo"cmTC_9c8fc.dir\Debug\\" /Fd"cmTC_9c8fc.dir\Debug\vc140.pdb" /Gd /TP /analyze- /errorReport:queue  -std=c++0x D:\Workspace\Slumber\hub\ui\build\CMakeFiles\CMakeTmp\src.cxx
  
cl : Command line warning D9002: ignoring unknown option '-std=c++0x' [D:\Workspace\Slumber\hub\ui\build\CMakeFiles\CMakeTmp\cmTC_9c8fc.vcxproj]
  src.cxx
Link:
  D:\Programs\Visual Studio\VC\bin\link.exe /ERRORREPORT:QUEUE /OUT:"D:\Workspace\Slumber\hub\ui\build\CMakeFiles\CMakeTmp\Debug\cmTC_9c8fc.exe" /INCREMENTAL /NOLOGO kernel32.lib user32.lib gdi32.lib winspool.lib shell32.lib ole32.lib oleaut32.lib uuid.lib comdlg32.lib advapi32.lib /MANIFEST /MANIFESTUAC:"level='asInvoker' uiAccess='false'" /manifest:embed /DEBUG /PDB:"D:/Workspace/Slumber/hub/ui/build/CMakeFiles/CMakeTmp/Debug/cmTC_9c8fc.pdb" /SUBSYSTEM:CONSOLE /TLBID:1 /DYNAMICBASE /NXCOMPAT /IMPLIB:"D:/Workspace/Slumber/hub/ui/build/CMakeFiles/CMakeTmp/Debug/cmTC_9c8fc.lib" /MACHINE:X86 /SAFESEH  /machine:X86 cmTC_9c8fc.dir\Debug\src.obj
  cmTC_9c8fc.vcxproj -> D:\Workspace\Slumber\hub\ui\build\CMakeFiles\CMakeTmp\Debug\cmTC_9c8fc.exe
  cmTC_9c8fc.vcxproj -> D:/Workspace/Slumber/hub/ui/build/CMakeFiles/CMakeTmp/Debug/cmTC_9c8fc.pdb (Full PDB)
FinalizeBuildStatus:
  Deleting file "cmTC_9c8fc.dir\Debug\cmTC_9c8fc.tlog\unsuccessfulbuild".
  Touching "cmTC_9c8fc.dir\Debug\cmTC_9c8fc.tlog\cmTC_9c8fc.lastbuildstate".
Done Building Project "D:\Workspace\Slumber\hub\ui\build\CMakeFiles\CMakeTmp\cmTC_9c8fc.vcxproj" (default targets).

Build succeeded.

"D:\Workspace\Slumber\hub\ui\build\CMakeFiles\CMakeTmp\cmTC_9c8fc.vcxproj" (default target) (1) ->
(ClCompile target) -> 
  cl : Command line warning D9002: ignoring unknown option '-std=c++0x' [D:\Workspace\Slumber\hub\ui\build\CMakeFiles\CMakeTmp\cmTC_9c8fc.vcxproj]

    1 Warning(s)
    0 Error(s)

Time Elapsed 00:00:00.59

Source file was:
int main() { return 0; }
Determining if the include file pthread.h exists failed with the following output:
Change Dir: D:/Workspace/Slumber/hub/ui/build/CMakeFiles/CMakeTmp

Run Build Command:"C:/Program Files (x86)/MSBuild/14.0/bin/MSBuild.exe" "cmTC_d4c29.vcxproj" "/p:Configuration=Debug" "/p:VisualStudioVersion=14.0"
Microsoft (R) Build Engine version 14.0.24723.2
Copyright (C) Microsoft Corporation. All rights reserved.

Build started 1/19/2017 9:29:13 PM.
The target "BeforeGenerateProjectPriFile" listed in a BeforeTargets attribute at "C:\Program Files (x86)\MSBuild\Microsoft\NuGet\Microsoft.NuGet.targets (186,61)" does not exist in the project, and will be ignored.
Project "D:\Workspace\Slumber\hub\ui\build\CMakeFiles\CMakeTmp\cmTC_d4c29.vcxproj" on node 1 (default targets).
PrepareForBuild:
  Creating directory "cmTC_d4c29.dir\Debug\".
  Creating directory "D:\Workspace\Slumber\hub\ui\build\CMakeFiles\CMakeTmp\Debug\".
  Creating directory "cmTC_d4c29.dir\Debug\cmTC_d4c29.tlog\".
InitializeBuildStatus:
  Creating "cmTC_d4c29.dir\Debug\cmTC_d4c29.tlog\unsuccessfulbuild" because "AlwaysCreate" was specified.
ClCompile:
  D:\Programs\Visual Studio\VC\bin\CL.exe /c /Zi /W3 /WX- /Od /Ob0 /Oy- /D WIN32 /D _WINDOWS /D _DEBUG /D "CMAKE_INTDIR=\"Debug\"" /D _MBCS /Gm- /RTC1 /MDd /GS /fp:precise /Zc:wchar_t /Zc:forScope /Zc:inline /Fo"cmTC_d4c29.dir\Debug\\" /Fd"cmTC_d4c29.dir\Debug\vc140.pdb" /Gd /TC /analyze- /errorReport:queue D:\Workspace\Slumber\hub\ui\build\CMakeFiles\CMakeTmp\CheckIncludeFile.c
  Microsoft (R) C/C++ Optimizing Compiler Version 19.00.23506 for x86
  Copyright (C) Microsoft Corporation.  All rights reserved.
  
  cl /c /Zi /W3 /WX- /Od /Ob0 /Oy- /D WIN32 /D _WINDOWS /D _DEBUG /D "CMAKE_INTDIR=\"Debug\"" /D _MBCS /Gm- /RTC1 /MDd /GS /fp:precise /Zc:wchar_t /Zc:forScope /Zc:inline /Fo"cmTC_d4c29.dir\Debug\\" /Fd"cmTC_d4c29.dir\Debug\vc140.pdb" /Gd /TC /analyze- /errorReport:queue D:\Workspace\Slumber\hub\ui\build\CMakeFiles\CMakeTmp\CheckIncludeFile.c
  
  CheckIncludeFile.c
D:\Workspace\Slumber\hub\ui\build\CMakeFiles\CMakeTmp\CheckIncludeFile.c(1): fatal error C1083: Cannot open include file: 'pthread.h': No such file or directory [D:\Workspace\Slumber\hub\ui\build\CMakeFiles\CMakeTmp\cmTC_d4c29.vcxproj]
Done Building Project "D:\Workspace\Slumber\hub\ui\build\CMakeFiles\CMakeTmp\cmTC_d4c29.vcxproj" (default targets) -- FAILED.

Build FAILED.

"D:\Workspace\Slumber\hub\ui\build\CMakeFiles\CMakeTmp\cmTC_d4c29.vcxproj" (default target) (1) ->
(ClCompile target) -> 
  D:\Workspace\Slumber\hub\ui\build\CMakeFiles\CMakeTmp\CheckIncludeFile.c(1): fatal error C1083: Cannot open include file: 'pthread.h': No such file or directory [D:\Workspace\Slumber\hub\ui\build\CMakeFiles\CMakeTmp\cmTC_d4c29.vcxproj]

    0 Warning(s)
    1 Error(s)

Time Elapsed 00:00:00.40


Performing C SOURCE FILE Test HAVE_STD_C11 failed with the following output:
Change Dir: D:/Workspace/Slumber/hub/ui/build/CMakeFiles/CMakeTmp

Run Build Command:"C:/Program Files (x86)/MSBuild/14.0/bin/MSBuild.exe" "cmTC_c9dc9.vcxproj" "/p:Configuration=Debug" "/p:VisualStudioVersion=14.0"
Microsoft (R) Build Engine version 14.0.24723.2
Copyright (C) Microsoft Corporation. All rights reserved.

Build started 1/19/2017 9:29:34 PM.
The target "BeforeGenerateProjectPriFile" listed in a BeforeTargets attribute at "C:\Program Files (x86)\MSBuild\Microsoft\NuGet\Microsoft.NuGet.targets (186,61)" does not exist in the project, and will be ignored.
Project "D:\Workspace\Slumber\hub\ui\build\CMakeFiles\CMakeTmp\cmTC_c9dc9.vcxproj" on node 1 (default targets).
PrepareForBuild:
  Creating directory "cmTC_c9dc9.dir\Debug\".
  Creating directory "D:\Workspace\Slumber\hub\ui\build\CMakeFiles\CMakeTmp\Debug\".
  Creating directory "cmTC_c9dc9.dir\Debug\cmTC_c9dc9.tlog\".
InitializeBuildStatus:
  Creating "cmTC_c9dc9.dir\Debug\cmTC_c9dc9.tlog\unsuccessfulbuild" because "AlwaysCreate" was specified.
ClCompile:
  D:\Programs\Visual Studio\VC\bin\CL.exe /c /Zi /W3 /WX- /Od /Ob0 /Oy- /D WIN32 /D _WINDOWS /D HAVE_STD_C11 /D _DEBUG /D "CMAKE_INTDIR=\"Debug\"" /D _MBCS /Gm- /RTC1 /MDd /GS /fp:precise /Zc:wchar_t /Zc:forScope /Zc:inline /Fo"cmTC_c9dc9.dir\Debug\\" /Fd"cmTC_c9dc9.dir\Debug\vc140.pdb" /Gd /TC /analyze- /errorReport:queue  -std=c11 D:\Workspace\Slumber\hub\ui\build\CMakeFiles\CMakeTmp\src.c
  Microsoft (R) C/C++ Optimizing Compiler Version 19.00.23506 for x86
  Copyright (C) Microsoft Corporation.  All rights reserved.
  
  cl /c /Zi /W3 /WX- /Od /Ob0 /Oy- /D WIN32 /D _WINDOWS /D HAVE_STD_C11 /D _DEBUG /D "CMAKE_INTDIR=\"Debug\"" /D _MBCS /Gm- /RTC1 /MDd /GS /fp:precise /Zc:wchar_t /Zc:forScope /Zc:inline /Fo"cmTC_c9dc9.dir\Debug\\" /Fd"cmTC_c9dc9.dir\Debug\vc140.pdb" /Gd /TC /analyze- /errorReport:queue  -std=c11 D:\Workspace\Slumber\hub\ui\build\CMakeFiles\CMakeTmp\src.c
  
cl : Command line warning D9002: ignoring unknown option '-std=c11' [D:\Workspace\Slumber\hub\ui\build\CMakeFiles\CMakeTmp\cmTC_c9dc9.vcxproj]
  src.c
Link:
  D:\Programs\Visual Studio\VC\bin\link.exe /ERRORREPORT:QUEUE /OUT:"D:\Workspace\Slumber\hub\ui\build\CMakeFiles\CMakeTmp\Debug\cmTC_c9dc9.exe" /INCREMENTAL /NOLOGO kernel32.lib user32.lib gdi32.lib winspool.lib shell32.lib ole32.lib oleaut32.lib uuid.lib comdlg32.lib advapi32.lib /MANIFEST /MANIFESTUAC:"level='asInvoker' uiAccess='false'" /manifest:embed /DEBUG /PDB:"D:/Workspace/Slumber/hub/ui/build/CMakeFiles/CMakeTmp/Debug/cmTC_c9dc9.pdb" /SUBSYSTEM:CONSOLE /TLBID:1 /DYNAMICBASE /NXCOMPAT /IMPLIB:"D:/Workspace/Slumber/hub/ui/build/CMakeFiles/CMakeTmp/Debug/cmTC_c9dc9.lib" /MACHINE:X86 /SAFESEH  /machine:X86 cmTC_c9dc9.dir\Debug\src.obj
  cmTC_c9dc9.vcxproj -> D:\Workspace\Slumber\hub\ui\build\CMakeFiles\CMakeTmp\Debug\cmTC_c9dc9.exe
  cmTC_c9dc9.vcxproj -> D:/Workspace/Slumber/hub/ui/build/CMakeFiles/CMakeTmp/Debug/cmTC_c9dc9.pdb (Full PDB)
FinalizeBuildStatus:
  Deleting file "cmTC_c9dc9.dir\Debug\cmTC_c9dc9.tlog\unsuccessfulbuild".
  Touching "cmTC_c9dc9.dir\Debug\cmTC_c9dc9.tlog\cmTC_c9dc9.lastbuildstate".
Done Building Project "D:\Workspace\Slumber\hub\ui\build\CMakeFiles\CMakeTmp\cmTC_c9dc9.vcxproj" (default targets).

Build succeeded.

"D:\Workspace\Slumber\hub\ui\build\CMakeFiles\CMakeTmp\cmTC_c9dc9.vcxproj" (default target) (1) ->
(ClCompile target) -> 
  cl : Command line warning D9002: ignoring unknown option '-std=c11' [D:\Workspace\Slumber\hub\ui\build\CMakeFiles\CMakeTmp\cmTC_c9dc9.vcxproj]

    1 Warning(s)
    0 Error(s)

Time Elapsed 00:00:00.58

Source file was:
int main(void) { return 0; }
Performing C SOURCE FILE Test HAVE_STD_C99 failed with the following output:
Change Dir: D:/Workspace/Slumber/hub/ui/build/CMakeFiles/CMakeTmp

Run Build Command:"C:/Program Files (x86)/MSBuild/14.0/bin/MSBuild.exe" "cmTC_6b084.vcxproj" "/p:Configuration=Debug" "/p:VisualStudioVersion=14.0"
Microsoft (R) Build Engine version 14.0.24723.2
Copyright (C) Microsoft Corporation. All rights reserved.

Build started 1/19/2017 9:29:34 PM.
The target "BeforeGenerateProjectPriFile" listed in a BeforeTargets attribute at "C:\Program Files (x86)\MSBuild\Microsoft\NuGet\Microsoft.NuGet.targets (186,61)" does not exist in the project, and will be ignored.
Project "D:\Workspace\Slumber\hub\ui\build\CMakeFiles\CMakeTmp\cmTC_6b084.vcxproj" on node 1 (default targets).
PrepareForBuild:
  Creating directory "cmTC_6b084.dir\Debug\".
  Creating directory "D:\Workspace\Slumber\hub\ui\build\CMakeFiles\CMakeTmp\Debug\".
  Creating directory "cmTC_6b084.dir\Debug\cmTC_6b084.tlog\".
InitializeBuildStatus:
  Creating "cmTC_6b084.dir\Debug\cmTC_6b084.tlog\unsuccessfulbuild" because "AlwaysCreate" was specified.
ClCompile:
  D:\Programs\Visual Studio\VC\bin\CL.exe /c /Zi /W3 /WX- /Od /Ob0 /Oy- /D WIN32 /D _WINDOWS /D HAVE_STD_C99 /D _DEBUG /D "CMAKE_INTDIR=\"Debug\"" /D _MBCS /Gm- /RTC1 /MDd /GS /fp:precise /Zc:wchar_t /Zc:forScope /Zc:inline /Fo"cmTC_6b084.dir\Debug\\" /Fd"cmTC_6b084.dir\Debug\vc140.pdb" /Gd /TC /analyze- /errorReport:queue  -std=c99 D:\Workspace\Slumber\hub\ui\build\CMakeFiles\CMakeTmp\src.c
  Microsoft (R) C/C++ Optimizing Compiler Version 19.00.23506 for x86
  Copyright (C) Microsoft Corporation.  All rights reserved.
  
  cl /c /Zi /W3 /WX- /Od /Ob0 /Oy- /D WIN32 /D _WINDOWS /D HAVE_STD_C99 /D _DEBUG /D "CMAKE_INTDIR=\"Debug\"" /D _MBCS /Gm- /RTC1 /MDd /GS /fp:precise /Zc:wchar_t /Zc:forScope /Zc:inline /Fo"cmTC_6b084.dir\Debug\\" /Fd"cmTC_6b084.dir\Debug\vc140.pdb" /Gd /TC /analyze- /errorReport:queue  -std=c99 D:\Workspace\Slumber\hub\ui\build\CMakeFiles\CMakeTmp\src.c
  
cl : Command line warning D9002: ignoring unknown option '-std=c99' [D:\Workspace\Slumber\hub\ui\build\CMakeFiles\CMakeTmp\cmTC_6b084.vcxproj]
  src.c
Link:
  D:\Programs\Visual Studio\VC\bin\link.exe /ERRORREPORT:QUEUE /OUT:"D:\Workspace\Slumber\hub\ui\build\CMakeFiles\CMakeTmp\Debug\cmTC_6b084.exe" /INCREMENTAL /NOLOGO kernel32.lib user32.lib gdi32.lib winspool.lib shell32.lib ole32.lib oleaut32.lib uuid.lib comdlg32.lib advapi32.lib /MANIFEST /MANIFESTUAC:"level='asInvoker' uiAccess='false'" /manifest:embed /DEBUG /PDB:"D:/Workspace/Slumber/hub/ui/build/CMakeFiles/CMakeTmp/Debug/cmTC_6b084.pdb" /SUBSYSTEM:CONSOLE /TLBID:1 /DYNAMICBASE /NXCOMPAT /IMPLIB:"D:/Workspace/Slumber/hub/ui/build/CMakeFiles/CMakeTmp/Debug/cmTC_6b084.lib" /MACHINE:X86 /SAFESEH  /machine:X86 cmTC_6b084.dir\Debug\src.obj
  cmTC_6b084.vcxproj -> D:\Workspace\Slumber\hub\ui\build\CMakeFiles\CMakeTmp\Debug\cmTC_6b084.exe
  cmTC_6b084.vcxproj -> D:/Workspace/Slumber/hub/ui/build/CMakeFiles/CMakeTmp/Debug/cmTC_6b084.pdb (Full PDB)
FinalizeBuildStatus:
  Deleting file "cmTC_6b084.dir\Debug\cmTC_6b084.tlog\unsuccessfulbuild".
  Touching "cmTC_6b084.dir\Debug\cmTC_6b084.tlog\cmTC_6b084.lastbuildstate".
Done Building Project "D:\Workspace\Slumber\hub\ui\build\CMakeFiles\CMakeTmp\cmTC_6b084.vcxproj" (default targets).

Build succeeded.

"D:\Workspace\Slumber\hub\ui\build\CMakeFiles\CMakeTmp\cmTC_6b084.vcxproj" (default target) (1) ->
(ClCompile target) -> 
  cl : Command line warning D9002: ignoring unknown option '-std=c99' [D:\Workspace\Slumber\hub\ui\build\CMakeFiles\CMakeTmp\cmTC_6b084.vcxproj]

    1 Warning(s)
    0 Error(s)

Time Elapsed 00:00:00.57

Source file was:
int main(void) { return 0; }
Performing C SOURCE FILE Test HAVE_RESTRICT failed with the following output:
Change Dir: D:/Workspace/Slumber/hub/ui/build/CMakeFiles/CMakeTmp

Run Build Command:"C:/Program Files (x86)/MSBuild/14.0/bin/MSBuild.exe" "cmTC_fb334.vcxproj" "/p:Configuration=Debug" "/p:VisualStudioVersion=14.0"
Microsoft (R) Build Engine version 14.0.24723.2
Copyright (C) Microsoft Corporation. All rights reserved.

Build started 1/19/2017 9:29:36 PM.
The target "BeforeGenerateProjectPriFile" listed in a BeforeTargets attribute at "C:\Program Files (x86)\MSBuild\Microsoft\NuGet\Microsoft.NuGet.targets (186,61)" does not exist in the project, and will be ignored.
Project "D:\Workspace\Slumber\hub\ui\build\CMakeFiles\CMakeTmp\cmTC_fb334.vcxproj" on node 1 (default targets).
PrepareForBuild:
  Creating directory "cmTC_fb334.dir\Debug\".
  Creating directory "D:\Workspace\Slumber\hub\ui\build\CMakeFiles\CMakeTmp\Debug\".
  Creating directory "cmTC_fb334.dir\Debug\cmTC_fb334.tlog\".
InitializeBuildStatus:
  Creating "cmTC_fb334.dir\Debug\cmTC_fb334.tlog\unsuccessfulbuild" because "AlwaysCreate" was specified.
ClCompile:
  D:\Programs\Visual Studio\VC\bin\CL.exe /c /Zi /W3 /WX- /Od /Ob0 /Oy- /D WIN32 /D _WINDOWS /D HAVE_RESTRICT /D _LARGEFILE_SOURCE /D _LARGE_FILES /D _DEBUG /D "CMAKE_INTDIR=\"Debug\"" /D _MBCS /Gm- /RTC1 /MDd /GS /fp:precise /Zc:wchar_t /Zc:forScope /Zc:inline /Fo"cmTC_fb334.dir\Debug\\" /Fd"cmTC_fb334.dir\Debug\vc140.pdb" /Gd /TC /analyze- /errorReport:queue D:\Workspace\Slumber\hub\ui\build\CMakeFiles\CMakeTmp\src.c
  Microsoft (R) C/C++ Optimizing Compiler Version 19.00.23506 for x86
  Copyright (C) Microsoft Corporation.  All rights reserved.
  
  cl /c /Zi /W3 /WX- /Od /Ob0 /Oy- /D WIN32 /D _WINDOWS /D HAVE_RESTRICT /D _LARGEFILE_SOURCE /D _LARGE_FILES /D _DEBUG /D "CMAKE_INTDIR=\"Debug\"" /D _MBCS /Gm- /RTC1 /MDd /GS /fp:precise /Zc:wchar_t /Zc:forScope /Zc:inline /Fo"cmTC_fb334.dir\Debug\\" /Fd"cmTC_fb334.dir\Debug\vc140.pdb" /Gd /TC /analyze- /errorReport:queue D:\Workspace\Slumber\hub\ui\build\CMakeFiles\CMakeTmp\src.c
  
  src.c
D:\Workspace\Slumber\hub\ui\build\CMakeFiles\CMakeTmp\src.c(1): error C2061: syntax error: identifier 'foo' [D:\Workspace\Slumber\hub\ui\build\CMakeFiles\CMakeTmp\cmTC_fb334.vcxproj]
D:\Workspace\Slumber\hub\ui\build\CMakeFiles\CMakeTmp\src.c(1): error C2059: syntax error: ';' [D:\Workspace\Slumber\hub\ui\build\CMakeFiles\CMakeTmp\cmTC_fb334.vcxproj]
Done Building Project "D:\Workspace\Slumber\hub\ui\build\CMakeFiles\CMakeTmp\cmTC_fb334.vcxproj" (default targets) -- FAILED.

Build FAILED.

"D:\Workspace\Slumber\hub\ui\build\CMakeFiles\CMakeTmp\cmTC_fb334.vcxproj" (default target) (1) ->
(ClCompile target) -> 
  D:\Workspace\Slumber\hub\ui\build\CMakeFiles\CMakeTmp\src.c(1): error C2061: syntax error: identifier 'foo' [D:\Workspace\Slumber\hub\ui\build\CMakeFiles\CMakeTmp\cmTC_fb334.vcxproj]
  D:\Workspace\Slumber\hub\ui\build\CMakeFiles\CMakeTmp\src.c(1): error C2059: syntax error: ';' [D:\Workspace\Slumber\hub\ui\build\CMakeFiles\CMakeTmp\cmTC_fb334.vcxproj]

    0 Warning(s)
    2 Error(s)

Time Elapsed 00:00:00.32

Source file was:
int *restrict foo;
                             int main() {return 0;}
Performing C SOURCE FILE Test HAVE_C99_VLA failed with the following output:
Change Dir: D:/Workspace/Slumber/hub/ui/build/CMakeFiles/CMakeTmp

Run Build Command:"C:/Program Files (x86)/MSBuild/14.0/bin/MSBuild.exe" "cmTC_41ccf.vcxproj" "/p:Configuration=Debug" "/p:VisualStudioVersion=14.0"
Microsoft (R) Build Engine version 14.0.24723.2
Copyright (C) Microsoft Corporation. All rights reserved.

Build started 1/19/2017 9:29:37 PM.
The target "BeforeGenerateProjectPriFile" listed in a BeforeTargets attribute at "C:\Program Files (x86)\MSBuild\Microsoft\NuGet\Microsoft.NuGet.targets (186,61)" does not exist in the project, and will be ignored.
Project "D:\Workspace\Slumber\hub\ui\build\CMakeFiles\CMakeTmp\cmTC_41ccf.vcxproj" on node 1 (default targets).
PrepareForBuild:
  Creating directory "cmTC_41ccf.dir\Debug\".
  Creating directory "D:\Workspace\Slumber\hub\ui\build\CMakeFiles\CMakeTmp\Debug\".
  Creating directory "cmTC_41ccf.dir\Debug\cmTC_41ccf.tlog\".
InitializeBuildStatus:
  Creating "cmTC_41ccf.dir\Debug\cmTC_41ccf.tlog\unsuccessfulbuild" because "AlwaysCreate" was specified.
ClCompile:
  D:\Programs\Visual Studio\VC\bin\CL.exe /c /Zi /W3 /WX- /Od /Ob0 /Oy- /D WIN32 /D _WINDOWS /D HAVE_C99_VLA /D _LARGEFILE_SOURCE /D _LARGE_FILES /D restrict= /D _DEBUG /D "CMAKE_INTDIR=\"Debug\"" /D _MBCS /Gm- /RTC1 /MDd /GS /fp:precise /Zc:wchar_t /Zc:forScope /Zc:inline /Fo"cmTC_41ccf.dir\Debug\\" /Fd"cmTC_41ccf.dir\Debug\vc140.pdb" /Gd /TC /analyze- /errorReport:queue D:\Workspace\Slumber\hub\ui\build\CMakeFiles\CMakeTmp\src.c
  Microsoft (R) C/C++ Optimizing Compiler Version 19.00.23506 for x86
  Copyright (C) Microsoft Corporation.  All rights reserved.
  
  cl /c /Zi /W3 /WX- /Od /Ob0 /Oy- /D WIN32 /D _WINDOWS /D HAVE_C99_VLA /D _LARGEFILE_SOURCE /D _LARGE_FILES /D restrict= /D _DEBUG /D "CMAKE_INTDIR=\"Debug\"" /D _MBCS /Gm- /RTC1 /MDd /GS /fp:precise /Zc:wchar_t /Zc:forScope /Zc:inline /Fo"cmTC_41ccf.dir\Debug\\" /Fd"cmTC_41ccf.dir\Debug\vc140.pdb" /Gd /TC /analyze- /errorReport:queue D:\Workspace\Slumber\hub\ui\build\CMakeFiles\CMakeTmp\src.c
  
  src.c
D:\Workspace\Slumber\hub\ui\build\CMakeFiles\CMakeTmp\src.c(3): error C2057: expected constant expression [D:\Workspace\Slumber\hub\ui\build\CMakeFiles\CMakeTmp\cmTC_41ccf.vcxproj]
D:\Workspace\Slumber\hub\ui\build\CMakeFiles\CMakeTmp\src.c(3): error C2466: cannot allocate an array of constant size 0 [D:\Workspace\Slumber\hub\ui\build\CMakeFiles\CMakeTmp\cmTC_41ccf.vcxproj]
D:\Workspace\Slumber\hub\ui\build\CMakeFiles\CMakeTmp\src.c(3): error C2133: 'tmp': unknown size [D:\Workspace\Slumber\hub\ui\build\CMakeFiles\CMakeTmp\cmTC_41ccf.vcxproj]
Done Building Project "D:\Workspace\Slumber\hub\ui\build\CMakeFiles\CMakeTmp\cmTC_41ccf.vcxproj" (default targets) -- FAILED.

Build FAILED.

"D:\Workspace\Slumber\hub\ui\build\CMakeFiles\CMakeTmp\cmTC_41ccf.vcxproj" (default target) (1) ->
(ClCompile target) -> 
  D:\Workspace\Slumber\hub\ui\build\CMakeFiles\CMakeTmp\src.c(3): error C2057: expected constant expression [D:\Workspace\Slumber\hub\ui\build\CMakeFiles\CMakeTmp\cmTC_41ccf.vcxproj]
  D:\Workspace\Slumber\hub\ui\build\CMakeFiles\CMakeTmp\src.c(3): error C2466: cannot allocate an array of constant size 0 [D:\Workspace\Slumber\hub\ui\build\CMakeFiles\CMakeTmp\cmTC_41ccf.vcxproj]
  D:\Workspace\Slumber\hub\ui\build\CMakeFiles\CMakeTmp\src.c(3): error C2133: 'tmp': unknown size [D:\Workspace\Slumber\hub\ui\build\CMakeFiles\CMakeTmp\cmTC_41ccf.vcxproj]

    0 Warning(s)
    3 Error(s)

Time Elapsed 00:00:00.32

Source file was:
int main(int argc, char *argv[])
 {
     volatile int tmp[argc];
     tmp[0] = argv[0][0];
     return tmp[0];
 }
Performing C SOURCE FILE Test HAVE_C11_STATIC_ASSERT failed with the following output:
Change Dir: D:/Workspace/Slumber/hub/ui/build/CMakeFiles/CMakeTmp

Run Build Command:"C:/Program Files (x86)/MSBuild/14.0/bin/MSBuild.exe" "cmTC_e8a30.vcxproj" "/p:Configuration=Debug" "/p:VisualStudioVersion=14.0"
Microsoft (R) Build Engine version 14.0.24723.2
Copyright (C) Microsoft Corporation. All rights reserved.

Build started 1/19/2017 9:29:38 PM.
The target "BeforeGenerateProjectPriFile" listed in a BeforeTargets attribute at "C:\Program Files (x86)\MSBuild\Microsoft\NuGet\Microsoft.NuGet.targets (186,61)" does not exist in the project, and will be ignored.
Project "D:\Workspace\Slumber\hub\ui\build\CMakeFiles\CMakeTmp\cmTC_e8a30.vcxproj" on node 1 (default targets).
PrepareForBuild:
  Creating directory "cmTC_e8a30.dir\Debug\".
  Creating directory "D:\Workspace\Slumber\hub\ui\build\CMakeFiles\CMakeTmp\Debug\".
  Creating directory "cmTC_e8a30.dir\Debug\cmTC_e8a30.tlog\".
InitializeBuildStatus:
  Creating "cmTC_e8a30.dir\Debug\cmTC_e8a30.tlog\unsuccessfulbuild" because "AlwaysCreate" was specified.
ClCompile:
  D:\Programs\Visual Studio\VC\bin\CL.exe /c /Zi /W3 /WX- /Od /Ob0 /Oy- /D WIN32 /D _WINDOWS /D HAVE_C11_STATIC_ASSERT /D _LARGEFILE_SOURCE /D _LARGE_FILES /D restrict= /D _DEBUG /D "CMAKE_INTDIR=\"Debug\"" /D _MBCS /Gm- /RTC1 /MDd /GS /fp:precise /Zc:wchar_t /Zc:forScope /Zc:inline /Fo"cmTC_e8a30.dir\Debug\\" /Fd"cmTC_e8a30.dir\Debug\vc140.pdb" /Gd /TC /analyze- /errorReport:queue D:\Workspace\Slumber\hub\ui\build\CMakeFiles\CMakeTmp\src.c
  Microsoft (R) C/C++ Optimizing Compiler Version 19.00.23506 for x86
  Copyright (C) Microsoft Corporation.  All rights reserved.
  
  cl /c /Zi /W3 /WX- /Od /Ob0 /Oy- /D WIN32 /D _WINDOWS /D HAVE_C11_STATIC_ASSERT /D _LARGEFILE_SOURCE /D _LARGE_FILES /D restrict= /D _DEBUG /D "CMAKE_INTDIR=\"Debug\"" /D _MBCS /Gm- /RTC1 /MDd /GS /fp:precise /Zc:wchar_t /Zc:forScope /Zc:inline /Fo"cmTC_e8a30.dir\Debug\\" /Fd"cmTC_e8a30.dir\Debug\vc140.pdb" /Gd /TC /analyze- /errorReport:queue D:\Workspace\Slumber\hub\ui\build\CMakeFiles\CMakeTmp\src.c
  
  src.c
D:\Workspace\Slumber\hub\ui\build\CMakeFiles\CMakeTmp\src.c(3): warning C4013: '_Static_assert' undefined; assuming extern returning int [D:\Workspace\Slumber\hub\ui\build\CMakeFiles\CMakeTmp\cmTC_e8a30.vcxproj]
Link:
  D:\Programs\Visual Studio\VC\bin\link.exe /ERRORREPORT:QUEUE /OUT:"D:\Workspace\Slumber\hub\ui\build\CMakeFiles\CMakeTmp\Debug\cmTC_e8a30.exe" /INCREMENTAL /NOLOGO kernel32.lib user32.lib gdi32.lib winspool.lib shell32.lib ole32.lib oleaut32.lib uuid.lib comdlg32.lib advapi32.lib /MANIFEST /MANIFESTUAC:"level='asInvoker' uiAccess='false'" /manifest:embed /DEBUG /PDB:"D:/Workspace/Slumber/hub/ui/build/CMakeFiles/CMakeTmp/Debug/cmTC_e8a30.pdb" /SUBSYSTEM:CONSOLE /TLBID:1 /DYNAMICBASE /NXCOMPAT /IMPLIB:"D:/Workspace/Slumber/hub/ui/build/CMakeFiles/CMakeTmp/Debug/cmTC_e8a30.lib" /MACHINE:X86 /SAFESEH  /machine:X86 cmTC_e8a30.dir\Debug\src.obj
src.obj : error LNK2019: unresolved external symbol __Static_assert referenced in function _main [D:\Workspace\Slumber\hub\ui\build\CMakeFiles\CMakeTmp\cmTC_e8a30.vcxproj]
D:\Workspace\Slumber\hub\ui\build\CMakeFiles\CMakeTmp\Debug\cmTC_e8a30.exe : fatal error LNK1120: 1 unresolved externals [D:\Workspace\Slumber\hub\ui\build\CMakeFiles\CMakeTmp\cmTC_e8a30.vcxproj]
Done Building Project "D:\Workspace\Slumber\hub\ui\build\CMakeFiles\CMakeTmp\cmTC_e8a30.vcxproj" (default targets) -- FAILED.

Build FAILED.

"D:\Workspace\Slumber\hub\ui\build\CMakeFiles\CMakeTmp\cmTC_e8a30.vcxproj" (default target) (1) ->
(ClCompile target) -> 
  D:\Workspace\Slumber\hub\ui\build\CMakeFiles\CMakeTmp\src.c(3): warning C4013: '_Static_assert' undefined; assuming extern returning int [D:\Workspace\Slumber\hub\ui\build\CMakeFiles\CMakeTmp\cmTC_e8a30.vcxproj]


"D:\Workspace\Slumber\hub\ui\build\CMakeFiles\CMakeTmp\cmTC_e8a30.vcxproj" (default target) (1) ->
(Link target) -> 
  src.obj : error LNK2019: unresolved external symbol __Static_assert referenced in function _main [D:\Workspace\Slumber\hub\ui\build\CMakeFiles\CMakeTmp\cmTC_e8a30.vcxproj]
  D:\Workspace\Slumber\hub\ui\build\CMakeFiles\CMakeTmp\Debug\cmTC_e8a30.exe : fatal error LNK1120: 1 unresolved externals [D:\Workspace\Slumber\hub\ui\build\CMakeFiles\CMakeTmp\cmTC_e8a30.vcxproj]

    1 Warning(s)
    2 Error(s)

Time Elapsed 00:00:00.61

Source file was:
int main()
 {
     _Static_assert(sizeof(int) == sizeof(int), "What");
     return 0;
 }
Performing C SOURCE FILE Test HAVE_C11_ALIGNAS failed with the following output:
Change Dir: D:/Workspace/Slumber/hub/ui/build/CMakeFiles/CMakeTmp

Run Build Command:"C:/Program Files (x86)/MSBuild/14.0/bin/MSBuild.exe" "cmTC_9bce8.vcxproj" "/p:Configuration=Debug" "/p:VisualStudioVersion=14.0"
Microsoft (R) Build Engine version 14.0.24723.2
Copyright (C) Microsoft Corporation. All rights reserved.

Build started 1/19/2017 9:29:39 PM.
The target "BeforeGenerateProjectPriFile" listed in a BeforeTargets attribute at "C:\Program Files (x86)\MSBuild\Microsoft\NuGet\Microsoft.NuGet.targets (186,61)" does not exist in the project, and will be ignored.
Project "D:\Workspace\Slumber\hub\ui\build\CMakeFiles\CMakeTmp\cmTC_9bce8.vcxproj" on node 1 (default targets).
PrepareForBuild:
  Creating directory "cmTC_9bce8.dir\Debug\".
  Creating directory "D:\Workspace\Slumber\hub\ui\build\CMakeFiles\CMakeTmp\Debug\".
  Creating directory "cmTC_9bce8.dir\Debug\cmTC_9bce8.tlog\".
InitializeBuildStatus:
  Creating "cmTC_9bce8.dir\Debug\cmTC_9bce8.tlog\unsuccessfulbuild" because "AlwaysCreate" was specified.
ClCompile:
  D:\Programs\Visual Studio\VC\bin\CL.exe /c /Zi /W3 /WX- /Od /Ob0 /Oy- /D WIN32 /D _WINDOWS /D HAVE_C11_ALIGNAS /D _LARGEFILE_SOURCE /D _LARGE_FILES /D restrict= /D _DEBUG /D "CMAKE_INTDIR=\"Debug\"" /D _MBCS /Gm- /RTC1 /MDd /GS /fp:precise /Zc:wchar_t /Zc:forScope /Zc:inline /Fo"cmTC_9bce8.dir\Debug\\" /Fd"cmTC_9bce8.dir\Debug\vc140.pdb" /Gd /TC /analyze- /errorReport:queue D:\Workspace\Slumber\hub\ui\build\CMakeFiles\CMakeTmp\src.c
  Microsoft (R) C/C++ Optimizing Compiler Version 19.00.23506 for x86
  Copyright (C) Microsoft Corporation.  All rights reserved.
  
  cl /c /Zi /W3 /WX- /Od /Ob0 /Oy- /D WIN32 /D _WINDOWS /D HAVE_C11_ALIGNAS /D _LARGEFILE_SOURCE /D _LARGE_FILES /D restrict= /D _DEBUG /D "CMAKE_INTDIR=\"Debug\"" /D _MBCS /Gm- /RTC1 /MDd /GS /fp:precise /Zc:wchar_t /Zc:forScope /Zc:inline /Fo"cmTC_9bce8.dir\Debug\\" /Fd"cmTC_9bce8.dir\Debug\vc140.pdb" /Gd /TC /analyze- /errorReport:queue D:\Workspace\Slumber\hub\ui\build\CMakeFiles\CMakeTmp\src.c
  
  src.c
D:\Workspace\Slumber\hub\ui\build\CMakeFiles\CMakeTmp\src.c(1): error C2143: syntax error: missing ')' before 'constant' [D:\Workspace\Slumber\hub\ui\build\CMakeFiles\CMakeTmp\cmTC_9bce8.vcxproj]
D:\Workspace\Slumber\hub\ui\build\CMakeFiles\CMakeTmp\src.c(1): error C2143: syntax error: missing '{' before 'constant' [D:\Workspace\Slumber\hub\ui\build\CMakeFiles\CMakeTmp\cmTC_9bce8.vcxproj]
D:\Workspace\Slumber\hub\ui\build\CMakeFiles\CMakeTmp\src.c(1): error C2059: syntax error: 'constant' [D:\Workspace\Slumber\hub\ui\build\CMakeFiles\CMakeTmp\cmTC_9bce8.vcxproj]
D:\Workspace\Slumber\hub\ui\build\CMakeFiles\CMakeTmp\src.c(1): error C2059: syntax error: ')' [D:\Workspace\Slumber\hub\ui\build\CMakeFiles\CMakeTmp\cmTC_9bce8.vcxproj]
Done Building Project "D:\Workspace\Slumber\hub\ui\build\CMakeFiles\CMakeTmp\cmTC_9bce8.vcxproj" (default targets) -- FAILED.

Build FAILED.

"D:\Workspace\Slumber\hub\ui\build\CMakeFiles\CMakeTmp\cmTC_9bce8.vcxproj" (default target) (1) ->
(ClCompile target) -> 
  D:\Workspace\Slumber\hub\ui\build\CMakeFiles\CMakeTmp\src.c(1): error C2143: syntax error: missing ')' before 'constant' [D:\Workspace\Slumber\hub\ui\build\CMakeFiles\CMakeTmp\cmTC_9bce8.vcxproj]
  D:\Workspace\Slumber\hub\ui\build\CMakeFiles\CMakeTmp\src.c(1): error C2143: syntax error: missing '{' before 'constant' [D:\Workspace\Slumber\hub\ui\build\CMakeFiles\CMakeTmp\cmTC_9bce8.vcxproj]
  D:\Workspace\Slumber\hub\ui\build\CMakeFiles\CMakeTmp\src.c(1): error C2059: syntax error: 'constant' [D:\Workspace\Slumber\hub\ui\build\CMakeFiles\CMakeTmp\cmTC_9bce8.vcxproj]
  D:\Workspace\Slumber\hub\ui\build\CMakeFiles\CMakeTmp\src.c(1): error C2059: syntax error: ')' [D:\Workspace\Slumber\hub\ui\build\CMakeFiles\CMakeTmp\cmTC_9bce8.vcxproj]

    0 Warning(s)
    4 Error(s)

Time Elapsed 00:00:00.30

Source file was:
_Alignas(16) int foo;
 int main()
 {
     return 0;
 }
Performing C SOURCE FILE Test HAVE_C11_ATOMIC failed with the following output:
Change Dir: D:/Workspace/Slumber/hub/ui/build/CMakeFiles/CMakeTmp

Run Build Command:"C:/Program Files (x86)/MSBuild/14.0/bin/MSBuild.exe" "cmTC_50ced.vcxproj" "/p:Configuration=Debug" "/p:VisualStudioVersion=14.0"
Microsoft (R) Build Engine version 14.0.24723.2
Copyright (C) Microsoft Corporation. All rights reserved.

Build started 1/19/2017 9:29:40 PM.
The target "BeforeGenerateProjectPriFile" listed in a BeforeTargets attribute at "C:\Program Files (x86)\MSBuild\Microsoft\NuGet\Microsoft.NuGet.targets (186,61)" does not exist in the project, and will be ignored.
Project "D:\Workspace\Slumber\hub\ui\build\CMakeFiles\CMakeTmp\cmTC_50ced.vcxproj" on node 1 (default targets).
PrepareForBuild:
  Creating directory "cmTC_50ced.dir\Debug\".
  Creating directory "D:\Workspace\Slumber\hub\ui\build\CMakeFiles\CMakeTmp\Debug\".
  Creating directory "cmTC_50ced.dir\Debug\cmTC_50ced.tlog\".
InitializeBuildStatus:
  Creating "cmTC_50ced.dir\Debug\cmTC_50ced.tlog\unsuccessfulbuild" because "AlwaysCreate" was specified.
ClCompile:
  D:\Programs\Visual Studio\VC\bin\CL.exe /c /Zi /W3 /WX- /Od /Ob0 /Oy- /D WIN32 /D _WINDOWS /D HAVE_C11_ATOMIC /D _LARGEFILE_SOURCE /D _LARGE_FILES /D restrict= /D _DEBUG /D "CMAKE_INTDIR=\"Debug\"" /D _MBCS /Gm- /RTC1 /MDd /GS /fp:precise /Zc:wchar_t /Zc:forScope /Zc:inline /Fo"cmTC_50ced.dir\Debug\\" /Fd"cmTC_50ced.dir\Debug\vc140.pdb" /Gd /TC /analyze- /errorReport:queue D:\Workspace\Slumber\hub\ui\build\CMakeFiles\CMakeTmp\src.c
  Microsoft (R) C/C++ Optimizing Compiler Version 19.00.23506 for x86
  Copyright (C) Microsoft Corporation.  All rights reserved.
  
  cl /c /Zi /W3 /WX- /Od /Ob0 /Oy- /D WIN32 /D _WINDOWS /D HAVE_C11_ATOMIC /D _LARGEFILE_SOURCE /D _LARGE_FILES /D restrict= /D _DEBUG /D "CMAKE_INTDIR=\"Debug\"" /D _MBCS /Gm- /RTC1 /MDd /GS /fp:precise /Zc:wchar_t /Zc:forScope /Zc:inline /Fo"cmTC_50ced.dir\Debug\\" /Fd"cmTC_50ced.dir\Debug\vc140.pdb" /Gd /TC /analyze- /errorReport:queue D:\Workspace\Slumber\hub\ui\build\CMakeFiles\CMakeTmp\src.c
  
  src.c
D:\Workspace\Slumber\hub\ui\build\CMakeFiles\CMakeTmp\src.c(1): fatal error C1083: Cannot open include file: 'stdatomic.h': No such file or directory [D:\Workspace\Slumber\hub\ui\build\CMakeFiles\CMakeTmp\cmTC_50ced.vcxproj]
Done Building Project "D:\Workspace\Slumber\hub\ui\build\CMakeFiles\CMakeTmp\cmTC_50ced.vcxproj" (default targets) -- FAILED.

Build FAILED.

"D:\Workspace\Slumber\hub\ui\build\CMakeFiles\CMakeTmp\cmTC_50ced.vcxproj" (default target) (1) ->
(ClCompile target) -> 
  D:\Workspace\Slumber\hub\ui\build\CMakeFiles\CMakeTmp\src.c(1): fatal error C1083: Cannot open include file: 'stdatomic.h': No such file or directory [D:\Workspace\Slumber\hub\ui\build\CMakeFiles\CMakeTmp\cmTC_50ced.vcxproj]

    0 Warning(s)
    1 Error(s)

Time Elapsed 00:00:00.59

Source file was:
#include <stdatomic.h>
 const int _Atomic foo = ATOMIC_VAR_INIT(~0);
 int main()
 {
     return atomic_load(&foo);
 }
Performing C SOURCE FILE Test HAVE_GCC_FORMAT failed with the following output:
Change Dir: D:/Workspace/Slumber/hub/ui/build/CMakeFiles/CMakeTmp

Run Build Command:"C:/Program Files (x86)/MSBuild/14.0/bin/MSBuild.exe" "cmTC_7d583.vcxproj" "/p:Configuration=Debug" "/p:VisualStudioVersion=14.0"
Microsoft (R) Build Engine version 14.0.24723.2
Copyright (C) Microsoft Corporation. All rights reserved.

Build started 1/19/2017 9:29:40 PM.
The target "BeforeGenerateProjectPriFile" listed in a BeforeTargets attribute at "C:\Program Files (x86)\MSBuild\Microsoft\NuGet\Microsoft.NuGet.targets (186,61)" does not exist in the project, and will be ignored.
Project "D:\Workspace\Slumber\hub\ui\build\CMakeFiles\CMakeTmp\cmTC_7d583.vcxproj" on node 1 (default targets).
PrepareForBuild:
  Creating directory "cmTC_7d583.dir\Debug\".
  Creating directory "D:\Workspace\Slumber\hub\ui\build\CMakeFiles\CMakeTmp\Debug\".
  Creating directory "cmTC_7d583.dir\Debug\cmTC_7d583.tlog\".
InitializeBuildStatus:
  Creating "cmTC_7d583.dir\Debug\cmTC_7d583.tlog\unsuccessfulbuild" because "AlwaysCreate" was specified.
ClCompile:
  D:\Programs\Visual Studio\VC\bin\CL.exe /c /Zi /W3 /WX- /Od /Ob0 /Oy- /D WIN32 /D _WINDOWS /D HAVE_GCC_FORMAT /D _LARGEFILE_SOURCE /D _LARGE_FILES /D restrict= /D _DEBUG /D "CMAKE_INTDIR=\"Debug\"" /D _MBCS /Gm- /RTC1 /MDd /GS /fp:precise /Zc:wchar_t /Zc:forScope /Zc:inline /Fo"cmTC_7d583.dir\Debug\\" /Fd"cmTC_7d583.dir\Debug\vc140.pdb" /Gd /TC /analyze- /errorReport:queue D:\Workspace\Slumber\hub\ui\build\CMakeFiles\CMakeTmp\src.c
  Microsoft (R) C/C++ Optimizing Compiler Version 19.00.23506 for x86
  Copyright (C) Microsoft Corporation.  All rights reserved.
  
  cl /c /Zi /W3 /WX- /Od /Ob0 /Oy- /D WIN32 /D _WINDOWS /D HAVE_GCC_FORMAT /D _LARGEFILE_SOURCE /D _LARGE_FILES /D restrict= /D _DEBUG /D "CMAKE_INTDIR=\"Debug\"" /D _MBCS /Gm- /RTC1 /MDd /GS /fp:precise /Zc:wchar_t /Zc:forScope /Zc:inline /Fo"cmTC_7d583.dir\Debug\\" /Fd"cmTC_7d583.dir\Debug\vc140.pdb" /Gd /TC /analyze- /errorReport:queue D:\Workspace\Slumber\hub\ui\build\CMakeFiles\CMakeTmp\src.c
  
  src.c
D:\Workspace\Slumber\hub\ui\build\CMakeFiles\CMakeTmp\src.c(1): error C2061: syntax error: identifier '__attribute__' [D:\Workspace\Slumber\hub\ui\build\CMakeFiles\CMakeTmp\cmTC_7d583.vcxproj]
D:\Workspace\Slumber\hub\ui\build\CMakeFiles\CMakeTmp\src.c(1): error C2059: syntax error: ';' [D:\Workspace\Slumber\hub\ui\build\CMakeFiles\CMakeTmp\cmTC_7d583.vcxproj]
D:\Workspace\Slumber\hub\ui\build\CMakeFiles\CMakeTmp\src.c(1): error C2059: syntax error: 'constant' [D:\Workspace\Slumber\hub\ui\build\CMakeFiles\CMakeTmp\cmTC_7d583.vcxproj]
Done Building Project "D:\Workspace\Slumber\hub\ui\build\CMakeFiles\CMakeTmp\cmTC_7d583.vcxproj" (default targets) -- FAILED.

Build FAILED.

"D:\Workspace\Slumber\hub\ui\build\CMakeFiles\CMakeTmp\cmTC_7d583.vcxproj" (default target) (1) ->
(ClCompile target) -> 
  D:\Workspace\Slumber\hub\ui\build\CMakeFiles\CMakeTmp\src.c(1): error C2061: syntax error: identifier '__attribute__' [D:\Workspace\Slumber\hub\ui\build\CMakeFiles\CMakeTmp\cmTC_7d583.vcxproj]
  D:\Workspace\Slumber\hub\ui\build\CMakeFiles\CMakeTmp\src.c(1): error C2059: syntax error: ';' [D:\Workspace\Slumber\hub\ui\build\CMakeFiles\CMakeTmp\cmTC_7d583.vcxproj]
  D:\Workspace\Slumber\hub\ui\build\CMakeFiles\CMakeTmp\src.c(1): error C2059: syntax error: 'constant' [D:\Workspace\Slumber\hub\ui\build\CMakeFiles\CMakeTmp\cmTC_7d583.vcxproj]

    0 Warning(s)
    3 Error(s)

Time Elapsed 00:00:00.33

Source file was:
int foo(const char *str, ...) __attribute__((format(printf, 1, 2)));
                         int main() {return 0;}
Determining if the include file stdalign.h exists failed with the following output:
Change Dir: D:/Workspace/Slumber/hub/ui/build/CMakeFiles/CMakeTmp

Run Build Command:"C:/Program Files (x86)/MSBuild/14.0/bin/MSBuild.exe" "cmTC_e86ec.vcxproj" "/p:Configuration=Debug" "/p:VisualStudioVersion=14.0"
Microsoft (R) Build Engine version 14.0.24723.2
Copyright (C) Microsoft Corporation. All rights reserved.

Build started 1/19/2017 9:29:42 PM.
The target "BeforeGenerateProjectPriFile" listed in a BeforeTargets attribute at "C:\Program Files (x86)\MSBuild\Microsoft\NuGet\Microsoft.NuGet.targets (186,61)" does not exist in the project, and will be ignored.
Project "D:\Workspace\Slumber\hub\ui\build\CMakeFiles\CMakeTmp\cmTC_e86ec.vcxproj" on node 1 (default targets).
PrepareForBuild:
  Creating directory "cmTC_e86ec.dir\Debug\".
  Creating directory "D:\Workspace\Slumber\hub\ui\build\CMakeFiles\CMakeTmp\Debug\".
  Creating directory "cmTC_e86ec.dir\Debug\cmTC_e86ec.tlog\".
InitializeBuildStatus:
  Creating "cmTC_e86ec.dir\Debug\cmTC_e86ec.tlog\unsuccessfulbuild" because "AlwaysCreate" was specified.
ClCompile:
  D:\Programs\Visual Studio\VC\bin\CL.exe /c /Zi /W3 /WX- /Od /Ob0 /Oy- /D WIN32 /D _WINDOWS /D _LARGEFILE_SOURCE /D _LARGE_FILES /D restrict= /D _DEBUG /D "CMAKE_INTDIR=\"Debug\"" /D _MBCS /Gm- /RTC1 /MDd /GS /fp:precise /Zc:wchar_t /Zc:forScope /Zc:inline /Fo"cmTC_e86ec.dir\Debug\\" /Fd"cmTC_e86ec.dir\Debug\vc140.pdb" /Gd /TC /analyze- /errorReport:queue D:\Workspace\Slumber\hub\ui\build\CMakeFiles\CMakeTmp\CheckIncludeFile.c
  Microsoft (R) C/C++ Optimizing Compiler Version 19.00.23506 for x86
  Copyright (C) Microsoft Corporation.  All rights reserved.
  
  cl /c /Zi /W3 /WX- /Od /Ob0 /Oy- /D WIN32 /D _WINDOWS /D _LARGEFILE_SOURCE /D _LARGE_FILES /D restrict= /D _DEBUG /D "CMAKE_INTDIR=\"Debug\"" /D _MBCS /Gm- /RTC1 /MDd /GS /fp:precise /Zc:wchar_t /Zc:forScope /Zc:inline /Fo"cmTC_e86ec.dir\Debug\\" /Fd"cmTC_e86ec.dir\Debug\vc140.pdb" /Gd /TC /analyze- /errorReport:queue D:\Workspace\Slumber\hub\ui\build\CMakeFiles\CMakeTmp\CheckIncludeFile.c
  
  CheckIncludeFile.c
D:\Workspace\Slumber\hub\ui\build\CMakeFiles\CMakeTmp\CheckIncludeFile.c(1): fatal error C1083: Cannot open include file: 'stdalign.h': No such file or directory [D:\Workspace\Slumber\hub\ui\build\CMakeFiles\CMakeTmp\cmTC_e86ec.vcxproj]
Done Building Project "D:\Workspace\Slumber\hub\ui\build\CMakeFiles\CMakeTmp\cmTC_e86ec.vcxproj" (default targets) -- FAILED.

Build FAILED.

"D:\Workspace\Slumber\hub\ui\build\CMakeFiles\CMakeTmp\cmTC_e86ec.vcxproj" (default target) (1) ->
(ClCompile target) -> 
  D:\Workspace\Slumber\hub\ui\build\CMakeFiles\CMakeTmp\CheckIncludeFile.c(1): fatal error C1083: Cannot open include file: 'stdalign.h': No such file or directory [D:\Workspace\Slumber\hub\ui\build\CMakeFiles\CMakeTmp\cmTC_e86ec.vcxproj]

    0 Warning(s)
    1 Error(s)

Time Elapsed 00:00:00.31


Determining if the include file dirent.h exists failed with the following output:
Change Dir: D:/Workspace/Slumber/hub/ui/build/CMakeFiles/CMakeTmp

Run Build Command:"C:/Program Files (x86)/MSBuild/14.0/bin/MSBuild.exe" "cmTC_c2cb9.vcxproj" "/p:Configuration=Debug" "/p:VisualStudioVersion=14.0"
Microsoft (R) Build Engine version 14.0.24723.2
Copyright (C) Microsoft Corporation. All rights reserved.

Build started 1/19/2017 9:29:43 PM.
The target "BeforeGenerateProjectPriFile" listed in a BeforeTargets attribute at "C:\Program Files (x86)\MSBuild\Microsoft\NuGet\Microsoft.NuGet.targets (186,61)" does not exist in the project, and will be ignored.
Project "D:\Workspace\Slumber\hub\ui\build\CMakeFiles\CMakeTmp\cmTC_c2cb9.vcxproj" on node 1 (default targets).
PrepareForBuild:
  Creating directory "cmTC_c2cb9.dir\Debug\".
  Creating directory "D:\Workspace\Slumber\hub\ui\build\CMakeFiles\CMakeTmp\Debug\".
  Creating directory "cmTC_c2cb9.dir\Debug\cmTC_c2cb9.tlog\".
InitializeBuildStatus:
  Creating "cmTC_c2cb9.dir\Debug\cmTC_c2cb9.tlog\unsuccessfulbuild" because "AlwaysCreate" was specified.
ClCompile:
  D:\Programs\Visual Studio\VC\bin\CL.exe /c /Zi /W3 /WX- /Od /Ob0 /Oy- /D WIN32 /D _WINDOWS /D _LARGEFILE_SOURCE /D _LARGE_FILES /D restrict= /D _DEBUG /D "CMAKE_INTDIR=\"Debug\"" /D _MBCS /Gm- /RTC1 /MDd /GS /fp:precise /Zc:wchar_t /Zc:forScope /Zc:inline /Fo"cmTC_c2cb9.dir\Debug\\" /Fd"cmTC_c2cb9.dir\Debug\vc140.pdb" /Gd /TC /analyze- /errorReport:queue D:\Workspace\Slumber\hub\ui\build\CMakeFiles\CMakeTmp\CheckIncludeFile.c
  Microsoft (R) C/C++ Optimizing Compiler Version 19.00.23506 for x86
  Copyright (C) Microsoft Corporation.  All rights reserved.
  
  cl /c /Zi /W3 /WX- /Od /Ob0 /Oy- /D WIN32 /D _WINDOWS /D _LARGEFILE_SOURCE /D _LARGE_FILES /D restrict= /D _DEBUG /D "CMAKE_INTDIR=\"Debug\"" /D _MBCS /Gm- /RTC1 /MDd /GS /fp:precise /Zc:wchar_t /Zc:forScope /Zc:inline /Fo"cmTC_c2cb9.dir\Debug\\" /Fd"cmTC_c2cb9.dir\Debug\vc140.pdb" /Gd /TC /analyze- /errorReport:queue D:\Workspace\Slumber\hub\ui\build\CMakeFiles\CMakeTmp\CheckIncludeFile.c
  
  CheckIncludeFile.c
D:\Workspace\Slumber\hub\ui\build\CMakeFiles\CMakeTmp\CheckIncludeFile.c(1): fatal error C1083: Cannot open include file: 'dirent.h': No such file or directory [D:\Workspace\Slumber\hub\ui\build\CMakeFiles\CMakeTmp\cmTC_c2cb9.vcxproj]
Done Building Project "D:\Workspace\Slumber\hub\ui\build\CMakeFiles\CMakeTmp\cmTC_c2cb9.vcxproj" (default targets) -- FAILED.

Build FAILED.

"D:\Workspace\Slumber\hub\ui\build\CMakeFiles\CMakeTmp\cmTC_c2cb9.vcxproj" (default target) (1) ->
(ClCompile target) -> 
  D:\Workspace\Slumber\hub\ui\build\CMakeFiles\CMakeTmp\CheckIncludeFile.c(1): fatal error C1083: Cannot open include file: 'dirent.h': No such file or directory [D:\Workspace\Slumber\hub\ui\build\CMakeFiles\CMakeTmp\cmTC_c2cb9.vcxproj]

    0 Warning(s)
    1 Error(s)

Time Elapsed 00:00:00.34


Determining if the include file strings.h exists failed with the following output:
Change Dir: D:/Workspace/Slumber/hub/ui/build/CMakeFiles/CMakeTmp

Run Build Command:"C:/Program Files (x86)/MSBuild/14.0/bin/MSBuild.exe" "cmTC_35b19.vcxproj" "/p:Configuration=Debug" "/p:VisualStudioVersion=14.0"
Microsoft (R) Build Engine version 14.0.24723.2
Copyright (C) Microsoft Corporation. All rights reserved.

Build started 1/19/2017 9:29:43 PM.
The target "BeforeGenerateProjectPriFile" listed in a BeforeTargets attribute at "C:\Program Files (x86)\MSBuild\Microsoft\NuGet\Microsoft.NuGet.targets (186,61)" does not exist in the project, and will be ignored.
Project "D:\Workspace\Slumber\hub\ui\build\CMakeFiles\CMakeTmp\cmTC_35b19.vcxproj" on node 1 (default targets).
PrepareForBuild:
  Creating directory "cmTC_35b19.dir\Debug\".
  Creating directory "D:\Workspace\Slumber\hub\ui\build\CMakeFiles\CMakeTmp\Debug\".
  Creating directory "cmTC_35b19.dir\Debug\cmTC_35b19.tlog\".
InitializeBuildStatus:
  Creating "cmTC_35b19.dir\Debug\cmTC_35b19.tlog\unsuccessfulbuild" because "AlwaysCreate" was specified.
ClCompile:
  D:\Programs\Visual Studio\VC\bin\CL.exe /c /Zi /W3 /WX- /Od /Ob0 /Oy- /D WIN32 /D _WINDOWS /D _LARGEFILE_SOURCE /D _LARGE_FILES /D restrict= /D _DEBUG /D "CMAKE_INTDIR=\"Debug\"" /D _MBCS /Gm- /RTC1 /MDd /GS /fp:precise /Zc:wchar_t /Zc:forScope /Zc:inline /Fo"cmTC_35b19.dir\Debug\\" /Fd"cmTC_35b19.dir\Debug\vc140.pdb" /Gd /TC /analyze- /errorReport:queue D:\Workspace\Slumber\hub\ui\build\CMakeFiles\CMakeTmp\CheckIncludeFile.c
  Microsoft (R) C/C++ Optimizing Compiler Version 19.00.23506 for x86
  Copyright (C) Microsoft Corporation.  All rights reserved.
  
  cl /c /Zi /W3 /WX- /Od /Ob0 /Oy- /D WIN32 /D _WINDOWS /D _LARGEFILE_SOURCE /D _LARGE_FILES /D restrict= /D _DEBUG /D "CMAKE_INTDIR=\"Debug\"" /D _MBCS /Gm- /RTC1 /MDd /GS /fp:precise /Zc:wchar_t /Zc:forScope /Zc:inline /Fo"cmTC_35b19.dir\Debug\\" /Fd"cmTC_35b19.dir\Debug\vc140.pdb" /Gd /TC /analyze- /errorReport:queue D:\Workspace\Slumber\hub\ui\build\CMakeFiles\CMakeTmp\CheckIncludeFile.c
  
  CheckIncludeFile.c
D:\Workspace\Slumber\hub\ui\build\CMakeFiles\CMakeTmp\CheckIncludeFile.c(1): fatal error C1083: Cannot open include file: 'strings.h': No such file or directory [D:\Workspace\Slumber\hub\ui\build\CMakeFiles\CMakeTmp\cmTC_35b19.vcxproj]
Done Building Project "D:\Workspace\Slumber\hub\ui\build\CMakeFiles\CMakeTmp\cmTC_35b19.vcxproj" (default targets) -- FAILED.

Build FAILED.

"D:\Workspace\Slumber\hub\ui\build\CMakeFiles\CMakeTmp\cmTC_35b19.vcxproj" (default target) (1) ->
(ClCompile target) -> 
  D:\Workspace\Slumber\hub\ui\build\CMakeFiles\CMakeTmp\CheckIncludeFile.c(1): fatal error C1083: Cannot open include file: 'strings.h': No such file or directory [D:\Workspace\Slumber\hub\ui\build\CMakeFiles\CMakeTmp\cmTC_35b19.vcxproj]

    0 Warning(s)
    1 Error(s)

Time Elapsed 00:00:00.32


Determining if the include file cpuid.h exists failed with the following output:
Change Dir: D:/Workspace/Slumber/hub/ui/build/CMakeFiles/CMakeTmp

Run Build Command:"C:/Program Files (x86)/MSBuild/14.0/bin/MSBuild.exe" "cmTC_55f82.vcxproj" "/p:Configuration=Debug" "/p:VisualStudioVersion=14.0"
Microsoft (R) Build Engine version 14.0.24723.2
Copyright (C) Microsoft Corporation. All rights reserved.

Build started 1/19/2017 9:29:44 PM.
The target "BeforeGenerateProjectPriFile" listed in a BeforeTargets attribute at "C:\Program Files (x86)\MSBuild\Microsoft\NuGet\Microsoft.NuGet.targets (186,61)" does not exist in the project, and will be ignored.
Project "D:\Workspace\Slumber\hub\ui\build\CMakeFiles\CMakeTmp\cmTC_55f82.vcxproj" on node 1 (default targets).
PrepareForBuild:
  Creating directory "cmTC_55f82.dir\Debug\".
  Creating directory "D:\Workspace\Slumber\hub\ui\build\CMakeFiles\CMakeTmp\Debug\".
  Creating directory "cmTC_55f82.dir\Debug\cmTC_55f82.tlog\".
InitializeBuildStatus:
  Creating "cmTC_55f82.dir\Debug\cmTC_55f82.tlog\unsuccessfulbuild" because "AlwaysCreate" was specified.
ClCompile:
  D:\Programs\Visual Studio\VC\bin\CL.exe /c /Zi /W3 /WX- /Od /Ob0 /Oy- /D WIN32 /D _WINDOWS /D _LARGEFILE_SOURCE /D _LARGE_FILES /D restrict= /D _DEBUG /D "CMAKE_INTDIR=\"Debug\"" /D _MBCS /Gm- /RTC1 /MDd /GS /fp:precise /Zc:wchar_t /Zc:forScope /Zc:inline /Fo"cmTC_55f82.dir\Debug\\" /Fd"cmTC_55f82.dir\Debug\vc140.pdb" /Gd /TC /analyze- /errorReport:queue D:\Workspace\Slumber\hub\ui\build\CMakeFiles\CMakeTmp\CheckIncludeFile.c
  Microsoft (R) C/C++ Optimizing Compiler Version 19.00.23506 for x86
  Copyright (C) Microsoft Corporation.  All rights reserved.
  
  cl /c /Zi /W3 /WX- /Od /Ob0 /Oy- /D WIN32 /D _WINDOWS /D _LARGEFILE_SOURCE /D _LARGE_FILES /D restrict= /D _DEBUG /D "CMAKE_INTDIR=\"Debug\"" /D _MBCS /Gm- /RTC1 /MDd /GS /fp:precise /Zc:wchar_t /Zc:forScope /Zc:inline /Fo"cmTC_55f82.dir\Debug\\" /Fd"cmTC_55f82.dir\Debug\vc140.pdb" /Gd /TC /analyze- /errorReport:queue D:\Workspace\Slumber\hub\ui\build\CMakeFiles\CMakeTmp\CheckIncludeFile.c
  
  CheckIncludeFile.c
D:\Workspace\Slumber\hub\ui\build\CMakeFiles\CMakeTmp\CheckIncludeFile.c(1): fatal error C1083: Cannot open include file: 'cpuid.h': No such file or directory [D:\Workspace\Slumber\hub\ui\build\CMakeFiles\CMakeTmp\cmTC_55f82.vcxproj]
Done Building Project "D:\Workspace\Slumber\hub\ui\build\CMakeFiles\CMakeTmp\cmTC_55f82.vcxproj" (default targets) -- FAILED.

Build FAILED.

"D:\Workspace\Slumber\hub\ui\build\CMakeFiles\CMakeTmp\cmTC_55f82.vcxproj" (default target) (1) ->
(ClCompile target) -> 
  D:\Workspace\Slumber\hub\ui\build\CMakeFiles\CMakeTmp\CheckIncludeFile.c(1): fatal error C1083: Cannot open include file: 'cpuid.h': No such file or directory [D:\Workspace\Slumber\hub\ui\build\CMakeFiles\CMakeTmp\cmTC_55f82.vcxproj]

    0 Warning(s)
    1 Error(s)

Time Elapsed 00:00:00.31


Determining if the include file sys/sysconf.h exists failed with the following output:
Change Dir: D:/Workspace/Slumber/hub/ui/build/CMakeFiles/CMakeTmp

Run Build Command:"C:/Program Files (x86)/MSBuild/14.0/bin/MSBuild.exe" "cmTC_210d4.vcxproj" "/p:Configuration=Debug" "/p:VisualStudioVersion=14.0"
Microsoft (R) Build Engine version 14.0.24723.2
Copyright (C) Microsoft Corporation. All rights reserved.

Build started 1/19/2017 9:29:45 PM.
The target "BeforeGenerateProjectPriFile" listed in a BeforeTargets attribute at "C:\Program Files (x86)\MSBuild\Microsoft\NuGet\Microsoft.NuGet.targets (186,61)" does not exist in the project, and will be ignored.
Project "D:\Workspace\Slumber\hub\ui\build\CMakeFiles\CMakeTmp\cmTC_210d4.vcxproj" on node 1 (default targets).
PrepareForBuild:
  Creating directory "cmTC_210d4.dir\Debug\".
  Creating directory "D:\Workspace\Slumber\hub\ui\build\CMakeFiles\CMakeTmp\Debug\".
  Creating directory "cmTC_210d4.dir\Debug\cmTC_210d4.tlog\".
InitializeBuildStatus:
  Creating "cmTC_210d4.dir\Debug\cmTC_210d4.tlog\unsuccessfulbuild" because "AlwaysCreate" was specified.
ClCompile:
  D:\Programs\Visual Studio\VC\bin\CL.exe /c /Zi /W3 /WX- /Od /Ob0 /Oy- /D WIN32 /D _WINDOWS /D _LARGEFILE_SOURCE /D _LARGE_FILES /D restrict= /D _DEBUG /D "CMAKE_INTDIR=\"Debug\"" /D _MBCS /Gm- /RTC1 /MDd /GS /fp:precise /Zc:wchar_t /Zc:forScope /Zc:inline /Fo"cmTC_210d4.dir\Debug\\" /Fd"cmTC_210d4.dir\Debug\vc140.pdb" /Gd /TC /analyze- /errorReport:queue D:\Workspace\Slumber\hub\ui\build\CMakeFiles\CMakeTmp\CheckIncludeFile.c
  Microsoft (R) C/C++ Optimizing Compiler Version 19.00.23506 for x86
  Copyright (C) Microsoft Corporation.  All rights reserved.
  
  cl /c /Zi /W3 /WX- /Od /Ob0 /Oy- /D WIN32 /D _WINDOWS /D _LARGEFILE_SOURCE /D _LARGE_FILES /D restrict= /D _DEBUG /D "CMAKE_INTDIR=\"Debug\"" /D _MBCS /Gm- /RTC1 /MDd /GS /fp:precise /Zc:wchar_t /Zc:forScope /Zc:inline /Fo"cmTC_210d4.dir\Debug\\" /Fd"cmTC_210d4.dir\Debug\vc140.pdb" /Gd /TC /analyze- /errorReport:queue D:\Workspace\Slumber\hub\ui\build\CMakeFiles\CMakeTmp\CheckIncludeFile.c
  
  CheckIncludeFile.c
D:\Workspace\Slumber\hub\ui\build\CMakeFiles\CMakeTmp\CheckIncludeFile.c(1): fatal error C1083: Cannot open include file: 'sys/sysconf.h': No such file or directory [D:\Workspace\Slumber\hub\ui\build\CMakeFiles\CMakeTmp\cmTC_210d4.vcxproj]
Done Building Project "D:\Workspace\Slumber\hub\ui\build\CMakeFiles\CMakeTmp\cmTC_210d4.vcxproj" (default targets) -- FAILED.

Build FAILED.

"D:\Workspace\Slumber\hub\ui\build\CMakeFiles\CMakeTmp\cmTC_210d4.vcxproj" (default target) (1) ->
(ClCompile target) -> 
  D:\Workspace\Slumber\hub\ui\build\CMakeFiles\CMakeTmp\CheckIncludeFile.c(1): fatal error C1083: Cannot open include file: 'sys/sysconf.h': No such file or directory [D:\Workspace\Slumber\hub\ui\build\CMakeFiles\CMakeTmp\cmTC_210d4.vcxproj]

    0 Warning(s)
    1 Error(s)

Time Elapsed 00:00:00.33


Determining if the include file ieeefp.h exists failed with the following output:
Change Dir: D:/Workspace/Slumber/hub/ui/build/CMakeFiles/CMakeTmp

Run Build Command:"C:/Program Files (x86)/MSBuild/14.0/bin/MSBuild.exe" "cmTC_b512c.vcxproj" "/p:Configuration=Debug" "/p:VisualStudioVersion=14.0"
Microsoft (R) Build Engine version 14.0.24723.2
Copyright (C) Microsoft Corporation. All rights reserved.

Build started 1/19/2017 9:29:47 PM.
The target "BeforeGenerateProjectPriFile" listed in a BeforeTargets attribute at "C:\Program Files (x86)\MSBuild\Microsoft\NuGet\Microsoft.NuGet.targets (186,61)" does not exist in the project, and will be ignored.
Project "D:\Workspace\Slumber\hub\ui\build\CMakeFiles\CMakeTmp\cmTC_b512c.vcxproj" on node 1 (default targets).
PrepareForBuild:
  Creating directory "cmTC_b512c.dir\Debug\".
  Creating directory "D:\Workspace\Slumber\hub\ui\build\CMakeFiles\CMakeTmp\Debug\".
  Creating directory "cmTC_b512c.dir\Debug\cmTC_b512c.tlog\".
InitializeBuildStatus:
  Creating "cmTC_b512c.dir\Debug\cmTC_b512c.tlog\unsuccessfulbuild" because "AlwaysCreate" was specified.
ClCompile:
  D:\Programs\Visual Studio\VC\bin\CL.exe /c /Zi /W3 /WX- /Od /Ob0 /Oy- /D WIN32 /D _WINDOWS /D _LARGEFILE_SOURCE /D _LARGE_FILES /D restrict= /D _DEBUG /D "CMAKE_INTDIR=\"Debug\"" /D _MBCS /Gm- /RTC1 /MDd /GS /fp:precise /Zc:wchar_t /Zc:forScope /Zc:inline /Fo"cmTC_b512c.dir\Debug\\" /Fd"cmTC_b512c.dir\Debug\vc140.pdb" /Gd /TC /analyze- /errorReport:queue D:\Workspace\Slumber\hub\ui\build\CMakeFiles\CMakeTmp\CheckIncludeFile.c
  Microsoft (R) C/C++ Optimizing Compiler Version 19.00.23506 for x86
  Copyright (C) Microsoft Corporation.  All rights reserved.
  
  cl /c /Zi /W3 /WX- /Od /Ob0 /Oy- /D WIN32 /D _WINDOWS /D _LARGEFILE_SOURCE /D _LARGE_FILES /D restrict= /D _DEBUG /D "CMAKE_INTDIR=\"Debug\"" /D _MBCS /Gm- /RTC1 /MDd /GS /fp:precise /Zc:wchar_t /Zc:forScope /Zc:inline /Fo"cmTC_b512c.dir\Debug\\" /Fd"cmTC_b512c.dir\Debug\vc140.pdb" /Gd /TC /analyze- /errorReport:queue D:\Workspace\Slumber\hub\ui\build\CMakeFiles\CMakeTmp\CheckIncludeFile.c
  
  CheckIncludeFile.c
D:\Workspace\Slumber\hub\ui\build\CMakeFiles\CMakeTmp\CheckIncludeFile.c(1): fatal error C1083: Cannot open include file: 'ieeefp.h': No such file or directory [D:\Workspace\Slumber\hub\ui\build\CMakeFiles\CMakeTmp\cmTC_b512c.vcxproj]
Done Building Project "D:\Workspace\Slumber\hub\ui\build\CMakeFiles\CMakeTmp\cmTC_b512c.vcxproj" (default targets) -- FAILED.

Build FAILED.

"D:\Workspace\Slumber\hub\ui\build\CMakeFiles\CMakeTmp\cmTC_b512c.vcxproj" (default target) (1) ->
(ClCompile target) -> 
  D:\Workspace\Slumber\hub\ui\build\CMakeFiles\CMakeTmp\CheckIncludeFile.c(1): fatal error C1083: Cannot open include file: 'ieeefp.h': No such file or directory [D:\Workspace\Slumber\hub\ui\build\CMakeFiles\CMakeTmp\cmTC_b512c.vcxproj]

    0 Warning(s)
    1 Error(s)

Time Elapsed 00:00:00.34


Determining if the function pow exists in the m failed with the following output:
Change Dir: D:/Workspace/Slumber/hub/ui/build/CMakeFiles/CMakeTmp

Run Build Command:"C:/Program Files (x86)/MSBuild/14.0/bin/MSBuild.exe" "cmTC_14956.vcxproj" "/p:Configuration=Debug" "/p:VisualStudioVersion=14.0"
Microsoft (R) Build Engine version 14.0.24723.2
Copyright (C) Microsoft Corporation. All rights reserved.

Build started 1/19/2017 9:29:48 PM.
The target "BeforeGenerateProjectPriFile" listed in a BeforeTargets attribute at "C:\Program Files (x86)\MSBuild\Microsoft\NuGet\Microsoft.NuGet.targets (186,61)" does not exist in the project, and will be ignored.
Project "D:\Workspace\Slumber\hub\ui\build\CMakeFiles\CMakeTmp\cmTC_14956.vcxproj" on node 1 (default targets).
PrepareForBuild:
  Creating directory "cmTC_14956.dir\Debug\".
  Creating directory "D:\Workspace\Slumber\hub\ui\build\CMakeFiles\CMakeTmp\Debug\".
  Creating directory "cmTC_14956.dir\Debug\cmTC_14956.tlog\".
InitializeBuildStatus:
  Creating "cmTC_14956.dir\Debug\cmTC_14956.tlog\unsuccessfulbuild" because "AlwaysCreate" was specified.
ClCompile:
  D:\Programs\Visual Studio\VC\bin\CL.exe /c /Zi /W3 /WX- /Od /Ob0 /Oy- /D WIN32 /D _WINDOWS /D CHECK_FUNCTION_EXISTS=pow /D _LARGEFILE_SOURCE /D _LARGE_FILES /D restrict= /D _DEBUG /D "CMAKE_INTDIR=\"Debug\"" /D _MBCS /Gm- /RTC1 /MDd /GS /fp:precise /Zc:wchar_t /Zc:forScope /Zc:inline /Fo"cmTC_14956.dir\Debug\\" /Fd"cmTC_14956.dir\Debug\vc140.pdb" /Gd /TC /analyze- /errorReport:queue "D:\Programs\CMake\share\cmake-3.6\Modules\CheckFunctionExists.c"
  Microsoft (R) C/C++ Optimizing Compiler Version 19.00.23506 for x86
  Copyright (C) Microsoft Corporation.  All rights reserved.
  
  cl /c /Zi /W3 /WX- /Od /Ob0 /Oy- /D WIN32 /D _WINDOWS /D CHECK_FUNCTION_EXISTS=pow /D _LARGEFILE_SOURCE /D _LARGE_FILES /D restrict= /D _DEBUG /D "CMAKE_INTDIR=\"Debug\"" /D _MBCS /Gm- /RTC1 /MDd /GS /fp:precise /Zc:wchar_t /Zc:forScope /Zc:inline /Fo"cmTC_14956.dir\Debug\\" /Fd"cmTC_14956.dir\Debug\vc140.pdb" /Gd /TC /analyze- /errorReport:queue "D:\Programs\CMake\share\cmake-3.6\Modules\CheckFunctionExists.c"
  
  CheckFunctionExists.c
Link:
  D:\Programs\Visual Studio\VC\bin\link.exe /ERRORREPORT:QUEUE /OUT:"D:\Workspace\Slumber\hub\ui\build\CMakeFiles\CMakeTmp\Debug\cmTC_14956.exe" /INCREMENTAL /NOLOGO kernel32.lib user32.lib gdi32.lib winspool.lib shell32.lib ole32.lib oleaut32.lib uuid.lib comdlg32.lib advapi32.lib m.lib /MANIFEST /MANIFESTUAC:"level='asInvoker' uiAccess='false'" /manifest:embed /DEBUG /PDB:"D:/Workspace/Slumber/hub/ui/build/CMakeFiles/CMakeTmp/Debug/cmTC_14956.pdb" /SUBSYSTEM:CONSOLE /TLBID:1 /DYNAMICBASE /NXCOMPAT /IMPLIB:"D:/Workspace/Slumber/hub/ui/build/CMakeFiles/CMakeTmp/Debug/cmTC_14956.lib" /MACHINE:X86 /SAFESEH  /machine:X86 cmTC_14956.dir\Debug\CheckFunctionExists.obj
LINK : fatal error LNK1104: cannot open file 'm.lib' [D:\Workspace\Slumber\hub\ui\build\CMakeFiles\CMakeTmp\cmTC_14956.vcxproj]
Done Building Project "D:\Workspace\Slumber\hub\ui\build\CMakeFiles\CMakeTmp\cmTC_14956.vcxproj" (default targets) -- FAILED.

Build FAILED.

"D:\Workspace\Slumber\hub\ui\build\CMakeFiles\CMakeTmp\cmTC_14956.vcxproj" (default target) (1) ->
(Link target) -> 
  LINK : fatal error LNK1104: cannot open file 'm.lib' [D:\Workspace\Slumber\hub\ui\build\CMakeFiles\CMakeTmp\cmTC_14956.vcxproj]

    0 Warning(s)
    1 Error(s)

Time Elapsed 00:00:00.41


Determining if the function dlopen exists in the dl failed with the following output:
Change Dir: D:/Workspace/Slumber/hub/ui/build/CMakeFiles/CMakeTmp

Run Build Command:"C:/Program Files (x86)/MSBuild/14.0/bin/MSBuild.exe" "cmTC_ff9ec.vcxproj" "/p:Configuration=Debug" "/p:VisualStudioVersion=14.0"
Microsoft (R) Build Engine version 14.0.24723.2
Copyright (C) Microsoft Corporation. All rights reserved.

Build started 1/19/2017 9:29:49 PM.
The target "BeforeGenerateProjectPriFile" listed in a BeforeTargets attribute at "C:\Program Files (x86)\MSBuild\Microsoft\NuGet\Microsoft.NuGet.targets (186,61)" does not exist in the project, and will be ignored.
Project "D:\Workspace\Slumber\hub\ui\build\CMakeFiles\CMakeTmp\cmTC_ff9ec.vcxproj" on node 1 (default targets).
PrepareForBuild:
  Creating directory "cmTC_ff9ec.dir\Debug\".
  Creating directory "D:\Workspace\Slumber\hub\ui\build\CMakeFiles\CMakeTmp\Debug\".
  Creating directory "cmTC_ff9ec.dir\Debug\cmTC_ff9ec.tlog\".
InitializeBuildStatus:
  Creating "cmTC_ff9ec.dir\Debug\cmTC_ff9ec.tlog\unsuccessfulbuild" because "AlwaysCreate" was specified.
ClCompile:
  D:\Programs\Visual Studio\VC\bin\CL.exe /c /Zi /W3 /WX- /Od /Ob0 /Oy- /D WIN32 /D _WINDOWS /D CHECK_FUNCTION_EXISTS=dlopen /D _LARGEFILE_SOURCE /D _LARGE_FILES /D restrict= /D _DEBUG /D "CMAKE_INTDIR=\"Debug\"" /D _MBCS /Gm- /RTC1 /MDd /GS /fp:precise /Zc:wchar_t /Zc:forScope /Zc:inline /Fo"cmTC_ff9ec.dir\Debug\\" /Fd"cmTC_ff9ec.dir\Debug\vc140.pdb" /Gd /TC /analyze- /errorReport:queue "D:\Programs\CMake\share\cmake-3.6\Modules\CheckFunctionExists.c"
  Microsoft (R) C/C++ Optimizing Compiler Version 19.00.23506 for x86
  Copyright (C) Microsoft Corporation.  All rights reserved.
  
  cl /c /Zi /W3 /WX- /Od /Ob0 /Oy- /D WIN32 /D _WINDOWS /D CHECK_FUNCTION_EXISTS=dlopen /D _LARGEFILE_SOURCE /D _LARGE_FILES /D restrict= /D _DEBUG /D "CMAKE_INTDIR=\"Debug\"" /D _MBCS /Gm- /RTC1 /MDd /GS /fp:precise /Zc:wchar_t /Zc:forScope /Zc:inline /Fo"cmTC_ff9ec.dir\Debug\\" /Fd"cmTC_ff9ec.dir\Debug\vc140.pdb" /Gd /TC /analyze- /errorReport:queue "D:\Programs\CMake\share\cmake-3.6\Modules\CheckFunctionExists.c"
  
  CheckFunctionExists.c
Link:
  D:\Programs\Visual Studio\VC\bin\link.exe /ERRORREPORT:QUEUE /OUT:"D:\Workspace\Slumber\hub\ui\build\CMakeFiles\CMakeTmp\Debug\cmTC_ff9ec.exe" /INCREMENTAL /NOLOGO kernel32.lib user32.lib gdi32.lib winspool.lib shell32.lib ole32.lib oleaut32.lib uuid.lib comdlg32.lib advapi32.lib dl.lib /MANIFEST /MANIFESTUAC:"level='asInvoker' uiAccess='false'" /manifest:embed /DEBUG /PDB:"D:/Workspace/Slumber/hub/ui/build/CMakeFiles/CMakeTmp/Debug/cmTC_ff9ec.pdb" /SUBSYSTEM:CONSOLE /TLBID:1 /DYNAMICBASE /NXCOMPAT /IMPLIB:"D:/Workspace/Slumber/hub/ui/build/CMakeFiles/CMakeTmp/Debug/cmTC_ff9ec.lib" /MACHINE:X86 /SAFESEH  /machine:X86 cmTC_ff9ec.dir\Debug\CheckFunctionExists.obj
LINK : fatal error LNK1104: cannot open file 'dl.lib' [D:\Workspace\Slumber\hub\ui\build\CMakeFiles\CMakeTmp\cmTC_ff9ec.vcxproj]
Done Building Project "D:\Workspace\Slumber\hub\ui\build\CMakeFiles\CMakeTmp\cmTC_ff9ec.vcxproj" (default targets) -- FAILED.

Build FAILED.

"D:\Workspace\Slumber\hub\ui\build\CMakeFiles\CMakeTmp\cmTC_ff9ec.vcxproj" (default target) (1) ->
(Link target) -> 
  LINK : fatal error LNK1104: cannot open file 'dl.lib' [D:\Workspace\Slumber\hub\ui\build\CMakeFiles\CMakeTmp\cmTC_ff9ec.vcxproj]

    0 Warning(s)
    1 Error(s)

Time Elapsed 00:00:00.44


Determining if the include file dlfcn.h exists failed with the following output:
Change Dir: D:/Workspace/Slumber/hub/ui/build/CMakeFiles/CMakeTmp

Run Build Command:"C:/Program Files (x86)/MSBuild/14.0/bin/MSBuild.exe" "cmTC_7ba73.vcxproj" "/p:Configuration=Debug" "/p:VisualStudioVersion=14.0"
Microsoft (R) Build Engine version 14.0.24723.2
Copyright (C) Microsoft Corporation. All rights reserved.

Build started 1/19/2017 9:29:49 PM.
The target "BeforeGenerateProjectPriFile" listed in a BeforeTargets attribute at "C:\Program Files (x86)\MSBuild\Microsoft\NuGet\Microsoft.NuGet.targets (186,61)" does not exist in the project, and will be ignored.
Project "D:\Workspace\Slumber\hub\ui\build\CMakeFiles\CMakeTmp\cmTC_7ba73.vcxproj" on node 1 (default targets).
PrepareForBuild:
  Creating directory "cmTC_7ba73.dir\Debug\".
  Creating directory "D:\Workspace\Slumber\hub\ui\build\CMakeFiles\CMakeTmp\Debug\".
  Creating directory "cmTC_7ba73.dir\Debug\cmTC_7ba73.tlog\".
InitializeBuildStatus:
  Creating "cmTC_7ba73.dir\Debug\cmTC_7ba73.tlog\unsuccessfulbuild" because "AlwaysCreate" was specified.
ClCompile:
  D:\Programs\Visual Studio\VC\bin\CL.exe /c /Zi /W3 /WX- /Od /Ob0 /Oy- /D WIN32 /D _WINDOWS /D _LARGEFILE_SOURCE /D _LARGE_FILES /D restrict= /D _DEBUG /D "CMAKE_INTDIR=\"Debug\"" /D _MBCS /Gm- /RTC1 /MDd /GS /fp:precise /Zc:wchar_t /Zc:forScope /Zc:inline /Fo"cmTC_7ba73.dir\Debug\\" /Fd"cmTC_7ba73.dir\Debug\vc140.pdb" /Gd /TC /analyze- /errorReport:queue D:\Workspace\Slumber\hub\ui\build\CMakeFiles\CMakeTmp\CheckIncludeFile.c
  Microsoft (R) C/C++ Optimizing Compiler Version 19.00.23506 for x86
  Copyright (C) Microsoft Corporation.  All rights reserved.
  
  cl /c /Zi /W3 /WX- /Od /Ob0 /Oy- /D WIN32 /D _WINDOWS /D _LARGEFILE_SOURCE /D _LARGE_FILES /D restrict= /D _DEBUG /D "CMAKE_INTDIR=\"Debug\"" /D _MBCS /Gm- /RTC1 /MDd /GS /fp:precise /Zc:wchar_t /Zc:forScope /Zc:inline /Fo"cmTC_7ba73.dir\Debug\\" /Fd"cmTC_7ba73.dir\Debug\vc140.pdb" /Gd /TC /analyze- /errorReport:queue D:\Workspace\Slumber\hub\ui\build\CMakeFiles\CMakeTmp\CheckIncludeFile.c
  
  CheckIncludeFile.c
D:\Workspace\Slumber\hub\ui\build\CMakeFiles\CMakeTmp\CheckIncludeFile.c(1): fatal error C1083: Cannot open include file: 'dlfcn.h': No such file or directory [D:\Workspace\Slumber\hub\ui\build\CMakeFiles\CMakeTmp\cmTC_7ba73.vcxproj]
Done Building Project "D:\Workspace\Slumber\hub\ui\build\CMakeFiles\CMakeTmp\cmTC_7ba73.vcxproj" (default targets) -- FAILED.

Build FAILED.

"D:\Workspace\Slumber\hub\ui\build\CMakeFiles\CMakeTmp\cmTC_7ba73.vcxproj" (default target) (1) ->
(ClCompile target) -> 
  D:\Workspace\Slumber\hub\ui\build\CMakeFiles\CMakeTmp\CheckIncludeFile.c(1): fatal error C1083: Cannot open include file: 'dlfcn.h': No such file or directory [D:\Workspace\Slumber\hub\ui\build\CMakeFiles\CMakeTmp\cmTC_7ba73.vcxproj]

    0 Warning(s)
    1 Error(s)

Time Elapsed 00:00:00.31


Determining if the aligned_alloc exist failed with the following output:
Change Dir: D:/Workspace/Slumber/hub/ui/build/CMakeFiles/CMakeTmp

Run Build Command:"C:/Program Files (x86)/MSBuild/14.0/bin/MSBuild.exe" "cmTC_bed3f.vcxproj" "/p:Configuration=Debug" "/p:VisualStudioVersion=14.0"
Microsoft (R) Build Engine version 14.0.24723.2
Copyright (C) Microsoft Corporation. All rights reserved.

Build started 1/19/2017 9:29:51 PM.
The target "BeforeGenerateProjectPriFile" listed in a BeforeTargets attribute at "C:\Program Files (x86)\MSBuild\Microsoft\NuGet\Microsoft.NuGet.targets (186,61)" does not exist in the project, and will be ignored.
Project "D:\Workspace\Slumber\hub\ui\build\CMakeFiles\CMakeTmp\cmTC_bed3f.vcxproj" on node 1 (default targets).
PrepareForBuild:
  Creating directory "cmTC_bed3f.dir\Debug\".
  Creating directory "D:\Workspace\Slumber\hub\ui\build\CMakeFiles\CMakeTmp\Debug\".
  Creating directory "cmTC_bed3f.dir\Debug\cmTC_bed3f.tlog\".
InitializeBuildStatus:
  Creating "cmTC_bed3f.dir\Debug\cmTC_bed3f.tlog\unsuccessfulbuild" because "AlwaysCreate" was specified.
ClCompile:
  D:\Programs\Visual Studio\VC\bin\CL.exe /c /Zi /W3 /WX- /Od /Ob0 /Oy- /D WIN32 /D _WINDOWS /D _LARGEFILE_SOURCE /D _LARGE_FILES /D restrict= /D _DEBUG /D "CMAKE_INTDIR=\"Debug\"" /D _MBCS /Gm- /RTC1 /MDd /GS /fp:precise /Zc:wchar_t /Zc:forScope /Zc:inline /Fo"cmTC_bed3f.dir\Debug\\" /Fd"cmTC_bed3f.dir\Debug\vc140.pdb" /Gd /TC /analyze- /errorReport:queue D:\Workspace\Slumber\hub\ui\build\CMakeFiles\CMakeTmp\CheckSymbolExists.c
  Microsoft (R) C/C++ Optimizing Compiler Version 19.00.23506 for x86
  Copyright (C) Microsoft Corporation.  All rights reserved.
  
  cl /c /Zi /W3 /WX- /Od /Ob0 /Oy- /D WIN32 /D _WINDOWS /D _LARGEFILE_SOURCE /D _LARGE_FILES /D restrict= /D _DEBUG /D "CMAKE_INTDIR=\"Debug\"" /D _MBCS /Gm- /RTC1 /MDd /GS /fp:precise /Zc:wchar_t /Zc:forScope /Zc:inline /Fo"cmTC_bed3f.dir\Debug\\" /Fd"cmTC_bed3f.dir\Debug\vc140.pdb" /Gd /TC /analyze- /errorReport:queue D:\Workspace\Slumber\hub\ui\build\CMakeFiles\CMakeTmp\CheckSymbolExists.c
  
  CheckSymbolExists.c
D:\Workspace\Slumber\hub\ui\build\CMakeFiles\CMakeTmp\CheckSymbolExists.c(8): error C2065: 'aligned_alloc': undeclared identifier [D:\Workspace\Slumber\hub\ui\build\CMakeFiles\CMakeTmp\cmTC_bed3f.vcxproj]
Done Building Project "D:\Workspace\Slumber\hub\ui\build\CMakeFiles\CMakeTmp\cmTC_bed3f.vcxproj" (default targets) -- FAILED.

Build FAILED.

"D:\Workspace\Slumber\hub\ui\build\CMakeFiles\CMakeTmp\cmTC_bed3f.vcxproj" (default target) (1) ->
(ClCompile target) -> 
  D:\Workspace\Slumber\hub\ui\build\CMakeFiles\CMakeTmp\CheckSymbolExists.c(8): error C2065: 'aligned_alloc': undeclared identifier [D:\Workspace\Slumber\hub\ui\build\CMakeFiles\CMakeTmp\cmTC_bed3f.vcxproj]

    0 Warning(s)
    1 Error(s)

Time Elapsed 00:00:00.34

File D:/Workspace/Slumber/hub/ui/build/CMakeFiles/CMakeTmp/CheckSymbolExists.c:
/* */
#include <stdlib.h>

int main(int argc, char** argv)
{
  (void)argv;
#ifndef aligned_alloc
  return ((int*)(&aligned_alloc))[argc];
#else
  (void)argc;
  return 0;
#endif
}

Determining if the posix_memalign exist failed with the following output:
Change Dir: D:/Workspace/Slumber/hub/ui/build/CMakeFiles/CMakeTmp

Run Build Command:"C:/Program Files (x86)/MSBuild/14.0/bin/MSBuild.exe" "cmTC_b596b.vcxproj" "/p:Configuration=Debug" "/p:VisualStudioVersion=14.0"
Microsoft (R) Build Engine version 14.0.24723.2
Copyright (C) Microsoft Corporation. All rights reserved.

Build started 1/19/2017 9:29:51 PM.
The target "BeforeGenerateProjectPriFile" listed in a BeforeTargets attribute at "C:\Program Files (x86)\MSBuild\Microsoft\NuGet\Microsoft.NuGet.targets (186,61)" does not exist in the project, and will be ignored.
Project "D:\Workspace\Slumber\hub\ui\build\CMakeFiles\CMakeTmp\cmTC_b596b.vcxproj" on node 1 (default targets).
PrepareForBuild:
  Creating directory "cmTC_b596b.dir\Debug\".
  Creating directory "D:\Workspace\Slumber\hub\ui\build\CMakeFiles\CMakeTmp\Debug\".
  Creating directory "cmTC_b596b.dir\Debug\cmTC_b596b.tlog\".
InitializeBuildStatus:
  Creating "cmTC_b596b.dir\Debug\cmTC_b596b.tlog\unsuccessfulbuild" because "AlwaysCreate" was specified.
ClCompile:
  D:\Programs\Visual Studio\VC\bin\CL.exe /c /Zi /W3 /WX- /Od /Ob0 /Oy- /D WIN32 /D _WINDOWS /D _LARGEFILE_SOURCE /D _LARGE_FILES /D restrict= /D _DEBUG /D "CMAKE_INTDIR=\"Debug\"" /D _MBCS /Gm- /RTC1 /MDd /GS /fp:precise /Zc:wchar_t /Zc:forScope /Zc:inline /Fo"cmTC_b596b.dir\Debug\\" /Fd"cmTC_b596b.dir\Debug\vc140.pdb" /Gd /TC /analyze- /errorReport:queue D:\Workspace\Slumber\hub\ui\build\CMakeFiles\CMakeTmp\CheckSymbolExists.c
  Microsoft (R) C/C++ Optimizing Compiler Version 19.00.23506 for x86
  Copyright (C) Microsoft Corporation.  All rights reserved.
  
  cl /c /Zi /W3 /WX- /Od /Ob0 /Oy- /D WIN32 /D _WINDOWS /D _LARGEFILE_SOURCE /D _LARGE_FILES /D restrict= /D _DEBUG /D "CMAKE_INTDIR=\"Debug\"" /D _MBCS /Gm- /RTC1 /MDd /GS /fp:precise /Zc:wchar_t /Zc:forScope /Zc:inline /Fo"cmTC_b596b.dir\Debug\\" /Fd"cmTC_b596b.dir\Debug\vc140.pdb" /Gd /TC /analyze- /errorReport:queue D:\Workspace\Slumber\hub\ui\build\CMakeFiles\CMakeTmp\CheckSymbolExists.c
  
  CheckSymbolExists.c
D:\Workspace\Slumber\hub\ui\build\CMakeFiles\CMakeTmp\CheckSymbolExists.c(8): error C2065: 'posix_memalign': undeclared identifier [D:\Workspace\Slumber\hub\ui\build\CMakeFiles\CMakeTmp\cmTC_b596b.vcxproj]
Done Building Project "D:\Workspace\Slumber\hub\ui\build\CMakeFiles\CMakeTmp\cmTC_b596b.vcxproj" (default targets) -- FAILED.

Build FAILED.

"D:\Workspace\Slumber\hub\ui\build\CMakeFiles\CMakeTmp\cmTC_b596b.vcxproj" (default target) (1) ->
(ClCompile target) -> 
  D:\Workspace\Slumber\hub\ui\build\CMakeFiles\CMakeTmp\CheckSymbolExists.c(8): error C2065: 'posix_memalign': undeclared identifier [D:\Workspace\Slumber\hub\ui\build\CMakeFiles\CMakeTmp\cmTC_b596b.vcxproj]

    0 Warning(s)
    1 Error(s)

Time Elapsed 00:00:00.31

File D:/Workspace/Slumber/hub/ui/build/CMakeFiles/CMakeTmp/CheckSymbolExists.c:
/* */
#include <stdlib.h>

int main(int argc, char** argv)
{
  (void)argv;
#ifndef posix_memalign
  return ((int*)(&posix_memalign))[argc];
#else
  (void)argc;
  return 0;
#endif
}

Determining if the function strcasecmp exists failed with the following output:
Change Dir: D:/Workspace/Slumber/hub/ui/build/CMakeFiles/CMakeTmp

Run Build Command:"C:/Program Files (x86)/MSBuild/14.0/bin/MSBuild.exe" "cmTC_c399d.vcxproj" "/p:Configuration=Debug" "/p:VisualStudioVersion=14.0"
Microsoft (R) Build Engine version 14.0.24723.2
Copyright (C) Microsoft Corporation. All rights reserved.

Build started 1/19/2017 9:29:58 PM.
The target "BeforeGenerateProjectPriFile" listed in a BeforeTargets attribute at "C:\Program Files (x86)\MSBuild\Microsoft\NuGet\Microsoft.NuGet.targets (186,61)" does not exist in the project, and will be ignored.
Project "D:\Workspace\Slumber\hub\ui\build\CMakeFiles\CMakeTmp\cmTC_c399d.vcxproj" on node 1 (default targets).
PrepareForBuild:
  Creating directory "cmTC_c399d.dir\Debug\".
  Creating directory "D:\Workspace\Slumber\hub\ui\build\CMakeFiles\CMakeTmp\Debug\".
  Creating directory "cmTC_c399d.dir\Debug\cmTC_c399d.tlog\".
InitializeBuildStatus:
  Creating "cmTC_c399d.dir\Debug\cmTC_c399d.tlog\unsuccessfulbuild" because "AlwaysCreate" was specified.
ClCompile:
  D:\Programs\Visual Studio\VC\bin\CL.exe /c /Zi /W3 /WX- /Od /Ob0 /Oy- /D WIN32 /D _WINDOWS /D CHECK_FUNCTION_EXISTS=strcasecmp /D _LARGEFILE_SOURCE /D _LARGE_FILES /D restrict= /D _DEBUG /D "CMAKE_INTDIR=\"Debug\"" /D _MBCS /Gm- /RTC1 /MDd /GS /fp:precise /Zc:wchar_t /Zc:forScope /Zc:inline /Fo"cmTC_c399d.dir\Debug\\" /Fd"cmTC_c399d.dir\Debug\vc140.pdb" /Gd /TC /analyze- /errorReport:queue "D:\Programs\CMake\share\cmake-3.6\Modules\CheckFunctionExists.c"
  Microsoft (R) C/C++ Optimizing Compiler Version 19.00.23506 for x86
  Copyright (C) Microsoft Corporation.  All rights reserved.
  
  cl /c /Zi /W3 /WX- /Od /Ob0 /Oy- /D WIN32 /D _WINDOWS /D CHECK_FUNCTION_EXISTS=strcasecmp /D _LARGEFILE_SOURCE /D _LARGE_FILES /D restrict= /D _DEBUG /D "CMAKE_INTDIR=\"Debug\"" /D _MBCS /Gm- /RTC1 /MDd /GS /fp:precise /Zc:wchar_t /Zc:forScope /Zc:inline /Fo"cmTC_c399d.dir\Debug\\" /Fd"cmTC_c399d.dir\Debug\vc140.pdb" /Gd /TC /analyze- /errorReport:queue "D:\Programs\CMake\share\cmake-3.6\Modules\CheckFunctionExists.c"
  
  CheckFunctionExists.c
Link:
  D:\Programs\Visual Studio\VC\bin\link.exe /ERRORREPORT:QUEUE /OUT:"D:\Workspace\Slumber\hub\ui\build\CMakeFiles\CMakeTmp\Debug\cmTC_c399d.exe" /INCREMENTAL /NOLOGO kernel32.lib user32.lib gdi32.lib winspool.lib shell32.lib ole32.lib oleaut32.lib uuid.lib comdlg32.lib advapi32.lib /MANIFEST /MANIFESTUAC:"level='asInvoker' uiAccess='false'" /manifest:embed /DEBUG /PDB:"D:/Workspace/Slumber/hub/ui/build/CMakeFiles/CMakeTmp/Debug/cmTC_c399d.pdb" /SUBSYSTEM:CONSOLE /TLBID:1 /DYNAMICBASE /NXCOMPAT /IMPLIB:"D:/Workspace/Slumber/hub/ui/build/CMakeFiles/CMakeTmp/Debug/cmTC_c399d.lib" /MACHINE:X86 /SAFESEH  /machine:X86 cmTC_c399d.dir\Debug\CheckFunctionExists.obj
CheckFunctionExists.obj : error LNK2019: unresolved external symbol _strcasecmp referenced in function _main [D:\Workspace\Slumber\hub\ui\build\CMakeFiles\CMakeTmp\cmTC_c399d.vcxproj]
D:\Workspace\Slumber\hub\ui\build\CMakeFiles\CMakeTmp\Debug\cmTC_c399d.exe : fatal error LNK1120: 1 unresolved externals [D:\Workspace\Slumber\hub\ui\build\CMakeFiles\CMakeTmp\cmTC_c399d.vcxproj]
Done Building Project "D:\Workspace\Slumber\hub\ui\build\CMakeFiles\CMakeTmp\cmTC_c399d.vcxproj" (default targets) -- FAILED.

Build FAILED.

"D:\Workspace\Slumber\hub\ui\build\CMakeFiles\CMakeTmp\cmTC_c399d.vcxproj" (default target) (1) ->
(Link target) -> 
  CheckFunctionExists.obj : error LNK2019: unresolved external symbol _strcasecmp referenced in function _main [D:\Workspace\Slumber\hub\ui\build\CMakeFiles\CMakeTmp\cmTC_c399d.vcxproj]
  D:\Workspace\Slumber\hub\ui\build\CMakeFiles\CMakeTmp\Debug\cmTC_c399d.exe : fatal error LNK1120: 1 unresolved externals [D:\Workspace\Slumber\hub\ui\build\CMakeFiles\CMakeTmp\cmTC_c399d.vcxproj]

    0 Warning(s)
    2 Error(s)

Time Elapsed 00:00:00.51


Determining if the function strncasecmp exists failed with the following output:
Change Dir: D:/Workspace/Slumber/hub/ui/build/CMakeFiles/CMakeTmp

Run Build Command:"C:/Program Files (x86)/MSBuild/14.0/bin/MSBuild.exe" "cmTC_c81dc.vcxproj" "/p:Configuration=Debug" "/p:VisualStudioVersion=14.0"
Microsoft (R) Build Engine version 14.0.24723.2
Copyright (C) Microsoft Corporation. All rights reserved.

Build started 1/19/2017 9:29:59 PM.
The target "BeforeGenerateProjectPriFile" listed in a BeforeTargets attribute at "C:\Program Files (x86)\MSBuild\Microsoft\NuGet\Microsoft.NuGet.targets (186,61)" does not exist in the project, and will be ignored.
Project "D:\Workspace\Slumber\hub\ui\build\CMakeFiles\CMakeTmp\cmTC_c81dc.vcxproj" on node 1 (default targets).
PrepareForBuild:
  Creating directory "cmTC_c81dc.dir\Debug\".
  Creating directory "D:\Workspace\Slumber\hub\ui\build\CMakeFiles\CMakeTmp\Debug\".
  Creating directory "cmTC_c81dc.dir\Debug\cmTC_c81dc.tlog\".
InitializeBuildStatus:
  Creating "cmTC_c81dc.dir\Debug\cmTC_c81dc.tlog\unsuccessfulbuild" because "AlwaysCreate" was specified.
ClCompile:
  D:\Programs\Visual Studio\VC\bin\CL.exe /c /Zi /W3 /WX- /Od /Ob0 /Oy- /D WIN32 /D _WINDOWS /D CHECK_FUNCTION_EXISTS=strncasecmp /D _LARGEFILE_SOURCE /D _LARGE_FILES /D restrict= /D _DEBUG /D "CMAKE_INTDIR=\"Debug\"" /D _MBCS /Gm- /RTC1 /MDd /GS /fp:precise /Zc:wchar_t /Zc:forScope /Zc:inline /Fo"cmTC_c81dc.dir\Debug\\" /Fd"cmTC_c81dc.dir\Debug\vc140.pdb" /Gd /TC /analyze- /errorReport:queue "D:\Programs\CMake\share\cmake-3.6\Modules\CheckFunctionExists.c"
  Microsoft (R) C/C++ Optimizing Compiler Version 19.00.23506 for x86
  Copyright (C) Microsoft Corporation.  All rights reserved.
  
  cl /c /Zi /W3 /WX- /Od /Ob0 /Oy- /D WIN32 /D _WINDOWS /D CHECK_FUNCTION_EXISTS=strncasecmp /D _LARGEFILE_SOURCE /D _LARGE_FILES /D restrict= /D _DEBUG /D "CMAKE_INTDIR=\"Debug\"" /D _MBCS /Gm- /RTC1 /MDd /GS /fp:precise /Zc:wchar_t /Zc:forScope /Zc:inline /Fo"cmTC_c81dc.dir\Debug\\" /Fd"cmTC_c81dc.dir\Debug\vc140.pdb" /Gd /TC /analyze- /errorReport:queue "D:\Programs\CMake\share\cmake-3.6\Modules\CheckFunctionExists.c"
  
  CheckFunctionExists.c
Link:
  D:\Programs\Visual Studio\VC\bin\link.exe /ERRORREPORT:QUEUE /OUT:"D:\Workspace\Slumber\hub\ui\build\CMakeFiles\CMakeTmp\Debug\cmTC_c81dc.exe" /INCREMENTAL /NOLOGO kernel32.lib user32.lib gdi32.lib winspool.lib shell32.lib ole32.lib oleaut32.lib uuid.lib comdlg32.lib advapi32.lib /MANIFEST /MANIFESTUAC:"level='asInvoker' uiAccess='false'" /manifest:embed /DEBUG /PDB:"D:/Workspace/Slumber/hub/ui/build/CMakeFiles/CMakeTmp/Debug/cmTC_c81dc.pdb" /SUBSYSTEM:CONSOLE /TLBID:1 /DYNAMICBASE /NXCOMPAT /IMPLIB:"D:/Workspace/Slumber/hub/ui/build/CMakeFiles/CMakeTmp/Debug/cmTC_c81dc.lib" /MACHINE:X86 /SAFESEH  /machine:X86 cmTC_c81dc.dir\Debug\CheckFunctionExists.obj
CheckFunctionExists.obj : error LNK2019: unresolved external symbol _strncasecmp referenced in function _main [D:\Workspace\Slumber\hub\ui\build\CMakeFiles\CMakeTmp\cmTC_c81dc.vcxproj]
D:\Workspace\Slumber\hub\ui\build\CMakeFiles\CMakeTmp\Debug\cmTC_c81dc.exe : fatal error LNK1120: 1 unresolved externals [D:\Workspace\Slumber\hub\ui\build\CMakeFiles\CMakeTmp\cmTC_c81dc.vcxproj]
Done Building Project "D:\Workspace\Slumber\hub\ui\build\CMakeFiles\CMakeTmp\cmTC_c81dc.vcxproj" (default targets) -- FAILED.

Build FAILED.

"D:\Workspace\Slumber\hub\ui\build\CMakeFiles\CMakeTmp\cmTC_c81dc.vcxproj" (default target) (1) ->
(Link target) -> 
  CheckFunctionExists.obj : error LNK2019: unresolved external symbol _strncasecmp referenced in function _main [D:\Workspace\Slumber\hub\ui\build\CMakeFiles\CMakeTmp\cmTC_c81dc.vcxproj]
  D:\Workspace\Slumber\hub\ui\build\CMakeFiles\CMakeTmp\Debug\cmTC_c81dc.exe : fatal error LNK1120: 1 unresolved externals [D:\Workspace\Slumber\hub\ui\build\CMakeFiles\CMakeTmp\cmTC_c81dc.vcxproj]

    0 Warning(s)
    2 Error(s)

Time Elapsed 00:00:00.54


Determining if the include file arm_neon.h exists failed with the following output:
Change Dir: D:/Workspace/Slumber/hub/ui/build/CMakeFiles/CMakeTmp

Run Build Command:"C:/Program Files (x86)/MSBuild/14.0/bin/MSBuild.exe" "cmTC_0d82a.vcxproj" "/p:Configuration=Debug" "/p:VisualStudioVersion=14.0"
Microsoft (R) Build Engine version 14.0.24723.2
Copyright (C) Microsoft Corporation. All rights reserved.

Build started 1/19/2017 9:30:09 PM.
The target "BeforeGenerateProjectPriFile" listed in a BeforeTargets attribute at "C:\Program Files (x86)\MSBuild\Microsoft\NuGet\Microsoft.NuGet.targets (186,61)" does not exist in the project, and will be ignored.
Project "D:\Workspace\Slumber\hub\ui\build\CMakeFiles\CMakeTmp\cmTC_0d82a.vcxproj" on node 1 (default targets).
PrepareForBuild:
  Creating directory "cmTC_0d82a.dir\Debug\".
  Creating directory "D:\Workspace\Slumber\hub\ui\build\CMakeFiles\CMakeTmp\Debug\".
  Creating directory "cmTC_0d82a.dir\Debug\cmTC_0d82a.tlog\".
InitializeBuildStatus:
  Creating "cmTC_0d82a.dir\Debug\cmTC_0d82a.tlog\unsuccessfulbuild" because "AlwaysCreate" was specified.
ClCompile:
  D:\Programs\Visual Studio\VC\bin\CL.exe /c /Zi /W3 /WX- /Od /Ob0 /Oy- /D WIN32 /D _WINDOWS /D _LARGEFILE_SOURCE /D _LARGE_FILES /D restrict= /D _DEBUG /D "CMAKE_INTDIR=\"Debug\"" /D _MBCS /Gm- /RTC1 /MDd /GS /fp:precise /Zc:wchar_t /Zc:forScope /Zc:inline /Fo"cmTC_0d82a.dir\Debug\\" /Fd"cmTC_0d82a.dir\Debug\vc140.pdb" /Gd /TC /analyze- /errorReport:queue D:\Workspace\Slumber\hub\ui\build\CMakeFiles\CMakeTmp\CheckIncludeFile.c
  Microsoft (R) C/C++ Optimizing Compiler Version 19.00.23506 for x86
  Copyright (C) Microsoft Corporation.  All rights reserved.
  
  cl /c /Zi /W3 /WX- /Od /Ob0 /Oy- /D WIN32 /D _WINDOWS /D _LARGEFILE_SOURCE /D _LARGE_FILES /D restrict= /D _DEBUG /D "CMAKE_INTDIR=\"Debug\"" /D _MBCS /Gm- /RTC1 /MDd /GS /fp:precise /Zc:wchar_t /Zc:forScope /Zc:inline /Fo"cmTC_0d82a.dir\Debug\\" /Fd"cmTC_0d82a.dir\Debug\vc140.pdb" /Gd /TC /analyze- /errorReport:queue D:\Workspace\Slumber\hub\ui\build\CMakeFiles\CMakeTmp\CheckIncludeFile.c
  
  CheckIncludeFile.c
D:\Programs\Visual Studio\VC\include\arm_neon.h(17): fatal error C1189: #error:  This header is specific to ARM targets [D:\Workspace\Slumber\hub\ui\build\CMakeFiles\CMakeTmp\cmTC_0d82a.vcxproj]
Done Building Project "D:\Workspace\Slumber\hub\ui\build\CMakeFiles\CMakeTmp\cmTC_0d82a.vcxproj" (default targets) -- FAILED.

Build FAILED.

"D:\Workspace\Slumber\hub\ui\build\CMakeFiles\CMakeTmp\cmTC_0d82a.vcxproj" (default target) (1) ->
(ClCompile target) -> 
  D:\Programs\Visual Studio\VC\include\arm_neon.h(17): fatal error C1189: #error:  This header is specific to ARM targets [D:\Workspace\Slumber\hub\ui\build\CMakeFiles\CMakeTmp\cmTC_0d82a.vcxproj]

    0 Warning(s)
    1 Error(s)

Time Elapsed 00:00:00.46


Determining if files SLES/OpenSLES.h;SLES/OpenSLES_Android.h exist failed with the following output:
Change Dir: D:/Workspace/Slumber/hub/ui/build/CMakeFiles/CMakeTmp

Run Build Command:"C:/Program Files (x86)/MSBuild/14.0/bin/MSBuild.exe" "cmTC_1934a.vcxproj" "/p:Configuration=Debug" "/p:VisualStudioVersion=14.0"
Microsoft (R) Build Engine version 14.0.24723.2
Copyright (C) Microsoft Corporation. All rights reserved.

Build started 1/19/2017 9:30:13 PM.
The target "BeforeGenerateProjectPriFile" listed in a BeforeTargets attribute at "C:\Program Files (x86)\MSBuild\Microsoft\NuGet\Microsoft.NuGet.targets (186,61)" does not exist in the project, and will be ignored.
Project "D:\Workspace\Slumber\hub\ui\build\CMakeFiles\CMakeTmp\cmTC_1934a.vcxproj" on node 1 (default targets).
PrepareForBuild:
  Creating directory "cmTC_1934a.dir\Debug\".
  Creating directory "D:\Workspace\Slumber\hub\ui\build\CMakeFiles\CMakeTmp\Debug\".
  Creating directory "cmTC_1934a.dir\Debug\cmTC_1934a.tlog\".
InitializeBuildStatus:
  Creating "cmTC_1934a.dir\Debug\cmTC_1934a.tlog\unsuccessfulbuild" because "AlwaysCreate" was specified.
ClCompile:
  D:\Programs\Visual Studio\VC\bin\CL.exe /c /Zi /W3 /WX- /Od /Ob0 /Oy- /D WIN32 /D _WINDOWS /D _LARGEFILE_SOURCE /D _LARGE_FILES /D restrict= /D _DEBUG /D "CMAKE_INTDIR=\"Debug\"" /D _MBCS /Gm- /RTC1 /MDd /GS /fp:precise /Zc:wchar_t /Zc:forScope /Zc:inline /Fo"cmTC_1934a.dir\Debug\\" /Fd"cmTC_1934a.dir\Debug\vc140.pdb" /Gd /TC /analyze- /errorReport:queue D:\Workspace\Slumber\hub\ui\build\CMakeFiles\CMakeTmp\CheckIncludeFiles.c
  Microsoft (R) C/C++ Optimizing Compiler Version 19.00.23506 for x86
  Copyright (C) Microsoft Corporation.  All rights reserved.
  
  cl /c /Zi /W3 /WX- /Od /Ob0 /Oy- /D WIN32 /D _WINDOWS /D _LARGEFILE_SOURCE /D _LARGE_FILES /D restrict= /D _DEBUG /D "CMAKE_INTDIR=\"Debug\"" /D _MBCS /Gm- /RTC1 /MDd /GS /fp:precise /Zc:wchar_t /Zc:forScope /Zc:inline /Fo"cmTC_1934a.dir\Debug\\" /Fd"cmTC_1934a.dir\Debug\vc140.pdb" /Gd /TC /analyze- /errorReport:queue D:\Workspace\Slumber\hub\ui\build\CMakeFiles\CMakeTmp\CheckIncludeFiles.c
  
  CheckIncludeFiles.c
D:\Workspace\Slumber\hub\ui\build\CMakeFiles\CMakeTmp\CheckIncludeFiles.c(2): fatal error C1083: Cannot open include file: 'SLES/OpenSLES.h': No such file or directory [D:\Workspace\Slumber\hub\ui\build\CMakeFiles\CMakeTmp\cmTC_1934a.vcxproj]
Done Building Project "D:\Workspace\Slumber\hub\ui\build\CMakeFiles\CMakeTmp\cmTC_1934a.vcxproj" (default targets) -- FAILED.

Build FAILED.

"D:\Workspace\Slumber\hub\ui\build\CMakeFiles\CMakeTmp\cmTC_1934a.vcxproj" (default target) (1) ->
(ClCompile target) -> 
  D:\Workspace\Slumber\hub\ui\build\CMakeFiles\CMakeTmp\CheckIncludeFiles.c(2): fatal error C1083: Cannot open include file: 'SLES/OpenSLES.h': No such file or directory [D:\Workspace\Slumber\hub\ui\build\CMakeFiles\CMakeTmp\cmTC_1934a.vcxproj]

    0 Warning(s)
    1 Error(s)

Time Elapsed 00:00:00.34

Source:
/* */
#include <SLES/OpenSLES.h>
#include <SLES/OpenSLES_Android.h>


int main(void){return 0;}

